#
# There is insufficient memory for the Java Runtime Environment to continue.
# Native memory allocation (malloc) failed to allocate 1327216 bytes for Chunk::new
# Possible reasons:
#   The system is out of physical RAM or swap space
#   The process is running with CompressedOops enabled, and the Java Heap may be blocking the growth of the native heap
# Possible solutions:
#   Reduce memory load on the system
#   Increase physical memory or swap space
#   Check if swap backing store is full
#   Decrease Java heap size (-Xmx/-Xms)
#   Decrease number of Java threads
#   Decrease Java thread stack sizes (-Xss)
#   Set larger code cache with -XX:ReservedCodeCacheSize=
#   JVM is running with Unscaled Compressed Oops mode in which the Java heap is
#     placed in the first 4GB address space. The Java Heap base address is the
#     maximum limit for the native heap growth. Please use -XX:HeapBaseMinAddress
#     to set the Java Heap base and to place the Java Heap above 4GB virtual address.
# This output file may be truncated or incomplete.
#
#  Out of Memory Error (allocation.cpp:389), pid=18936, tid=0x0000000000001210
#
# JRE version: OpenJDK Runtime Environment (8.0_202-b03) (build 1.8.0_202-release-1483-b03)
# Java VM: OpenJDK 64-Bit Server VM (25.202-b03 mixed mode windows-amd64 compressed oops)
# Failed to write core dump. Minidumps are not enabled by default on client versions of Windows
#

---------------  T H R E A D  ---------------

Current thread (0x0000000015b7f800):  JavaThread "C2 CompilerThread1" daemon [_thread_in_native, id=4624, stack(0x00000000172f0000,0x00000000173f0000)]

Stack: [0x00000000172f0000,0x00000000173f0000]
[error occurred during error reporting (printing stack bounds), id 0xc0000005]

Native frames: (J=compiled Java code, j=interpreted, Vv=VM code, C=native code)


Current CompileTask:
C2: 362397 8672       4       java.io.ObjectOutputStream::writeClassDesc (60 bytes)


---------------  P R O C E S S  ---------------

Java Threads: ( => current thread )
  0x000000001e682000 JavaThread "Cache worker for execution history cache (C:\Users\hp\AndroidStudioProjects\MyApplicationEchange\.gradle\5.4.1\executionHistory)" [_thread_blocked, id=6868, stack(0x0000000023540000,0x0000000023640000)]
  0x000000001e681800 JavaThread "Execution worker for ':' Thread 3" [_thread_in_native, id=12244, stack(0x0000000023440000,0x0000000023540000)]
  0x000000001e686800 JavaThread "Execution worker for ':' Thread 2" [_thread_blocked, id=9564, stack(0x0000000023340000,0x0000000023440000)]
  0x0000000017666000 JavaThread "Execution worker for ':'" [_thread_blocked, id=4064, stack(0x0000000023240000,0x0000000023340000)]
  0x000000001766a800 JavaThread "Cache worker for file content cache (C:\Users\hp\AndroidStudioProjects\MyApplicationEchange\.gradle\5.4.1\fileContent)" [_thread_blocked, id=2236, stack(0x0000000023140000,0x0000000023240000)]
  0x0000000018390800 JavaThread "Cache worker for file content cache (C:\Users\hp\.gradle\caches\5.4.1\fileContent)" [_thread_blocked, id=7804, stack(0x0000000023040000,0x0000000023140000)]
  0x000000001838f800 JavaThread "Cache worker for Build Output Cleanup Cache (C:\Users\hp\AndroidStudioProjects\MyApplicationEchange\.gradle\buildOutputCleanup)" [_thread_blocked, id=19856, stack(0x0000000022810000,0x0000000022910000)]
  0x000000001838f000 JavaThread "pool-2-thread-1" [_thread_blocked, id=8828, stack(0x0000000021be0000,0x0000000021ce0000)]
  0x000000001838e000 JavaThread "Build operations Thread 4" [_thread_blocked, id=3648, stack(0x00000000218e0000,0x00000000219e0000)]
  0x000000001838d800 JavaThread "Build operations Thread 3" [_thread_blocked, id=16560, stack(0x0000000020410000,0x0000000020510000)]
  0x000000001838c800 JavaThread "Build operations Thread 2" [_thread_blocked, id=15688, stack(0x0000000020310000,0x0000000020410000)]
  0x0000000018385000 JavaThread "Build operations" [_thread_blocked, id=19516, stack(0x0000000020210000,0x0000000020310000)]
  0x000000001838c000 JavaThread "Cache worker for cache directory md-rule (C:\Users\hp\.gradle\caches\5.4.1\md-rule)" [_thread_blocked, id=14172, stack(0x0000000020110000,0x0000000020210000)]
  0x0000000018384000 JavaThread "Cache worker for cache directory md-supplier (C:\Users\hp\.gradle\caches\5.4.1\md-supplier)" [_thread_blocked, id=19732, stack(0x000000001fb10000,0x000000001fc10000)]
  0x000000001838b000 JavaThread "Cache worker for file hash cache (C:\Users\hp\AndroidStudioProjects\MyApplicationEchange\.gradle\5.4.1\fileHashes)" [_thread_blocked, id=13672, stack(0x000000001df40000,0x000000001e040000)]
  0x0000000018383800 JavaThread "Thread-32" [_thread_blocked, id=13152, stack(0x000000001cdb0000,0x000000001ceb0000)]
  0x0000000018386800 JavaThread "Stdin handler" [_thread_blocked, id=7652, stack(0x000000001a510000,0x000000001a610000)]
  0x000000001838a800 JavaThread "Asynchronous log dispatcher for DefaultDaemonConnection: socket connection from /127.0.0.1:58377 to /127.0.0.1:58427" [_thread_blocked, id=20168, stack(0x000000001a210000,0x000000001a310000)]
  0x0000000018386000 JavaThread "Daemon worker Thread 2" [_thread_blocked, id=5404, stack(0x000000001a110000,0x000000001a210000)]
  0x0000000018381000 JavaThread "Cancel handler" [_thread_blocked, id=2512, stack(0x0000000019e10000,0x0000000019f10000)]
  0x0000000018382800 JavaThread "Handler for socket connection from /127.0.0.1:58377 to /127.0.0.1:58427" [_thread_in_native, id=1860, stack(0x0000000019d10000,0x0000000019e10000)]
  0x0000000018388000 JavaThread "Daemon Thread 2" [_thread_blocked, id=6104, stack(0x0000000019900000,0x0000000019a00000)]
  0x0000000018389800 JavaThread "Memory manager" [_thread_blocked, id=7568, stack(0x0000000021ee0000,0x0000000021fe0000)]
  0x0000000018382000 JavaThread "Cache worker for execution history cache (C:\Users\hp\.gradle\caches\5.4.1\executionHistory)" [_thread_blocked, id=15936, stack(0x000000001fe10000,0x000000001ff10000)]
  0x0000000017668800 JavaThread "Cache worker for journal cache (C:\Users\hp\.gradle\caches\journal-1)" [_thread_blocked, id=20304, stack(0x000000001a810000,0x000000001a910000)]
  0x000000001766a000 JavaThread "File lock request listener" [_thread_in_native, id=4212, stack(0x000000001a710000,0x000000001a810000)]
  0x0000000017669000 JavaThread "Cache worker for file hash cache (C:\Users\hp\.gradle\caches\5.4.1\fileHashes)" [_thread_blocked, id=17416, stack(0x000000001a610000,0x000000001a710000)]
  0x0000000018d0e800 JavaThread "Daemon periodic checks" [_thread_blocked, id=5576, stack(0x0000000019c10000,0x0000000019d10000)]
  0x0000000018d05800 JavaThread "Incoming local TCP Connector on port 58377" [_thread_in_native, id=20432, stack(0x0000000019a00000,0x0000000019b00000)]
  0x0000000018a71000 JavaThread "Daemon health stats" [_thread_blocked, id=14160, stack(0x00000000192c0000,0x00000000193c0000)]
  0x00000000173f5000 JavaThread "Service Thread" daemon [_thread_blocked, id=20328, stack(0x00000000178f0000,0x00000000179f0000)]
  0x00000000173f0800 JavaThread "C1 CompilerThread2" daemon [_thread_blocked, id=18776, stack(0x00000000177f0000,0x00000000178f0000)]
=>0x0000000015b7f800 JavaThread "C2 CompilerThread1" daemon [_thread_in_native, id=4624, stack(0x00000000172f0000,0x00000000173f0000)]
  0x0000000015b7b800 JavaThread "C2 CompilerThread0" daemon [_thread_in_native, id=11136, stack(0x00000000171f0000,0x00000000172f0000)]
  0x0000000015b7a000 JavaThread "Attach Listener" daemon [_thread_blocked, id=9164, stack(0x00000000170f0000,0x00000000171f0000)]
  0x0000000015b78800 JavaThread "Signal Dispatcher" daemon [_thread_blocked, id=19948, stack(0x0000000016ff0000,0x00000000170f0000)]
  0x000000000213a800 JavaThread "Finalizer" daemon [_thread_blocked, id=20380, stack(0x0000000016de0000,0x0000000016ee0000)]
  0x0000000015b69000 JavaThread "Reference Handler" daemon [_thread_blocked, id=19600, stack(0x0000000016ce0000,0x0000000016de0000)]
  0x0000000002042800 JavaThread "main" [_thread_blocked, id=18316, stack(0x0000000001e90000,0x0000000001f90000)]

Other Threads:
  0x0000000015b45800 VMThread [stack: 0x0000000016be0000,0x0000000016ce0000] [id=13580]
  0x00000000173f7000 WatcherThread [stack: 0x00000000179f0000,0x0000000017af0000] [id=7220]

VM state:not at safepoint (normal execution)

VM Mutex/Monitor currently owned by a thread: None

heap address: 0x00000000a0000000, size: 1536 MB, Compressed Oops mode: 32-bit
Narrow klass base: 0x0000000000000000, Narrow klass shift: 3
Compressed class space size: 1073741824 Address: 0x0000000100000000

Heap:
 PSYoungGen      total 187904K, used 141785K [0x00000000e0000000, 0x00000000eda00000, 0x0000000100000000)
  eden space 175616K, 73% used [0x00000000e0000000,0x00000000e7ed51c8,0x00000000eab80000)
  from space 12288K, 96% used [0x00000000ece00000,0x00000000ed9a1300,0x00000000eda00000)
  to   space 19456K, 0% used [0x00000000eb400000,0x00000000eb400000,0x00000000ec700000)
 ParOldGen       total 103936K, used 33958K [0x00000000a0000000, 0x00000000a6580000, 0x00000000e0000000)
  object space 103936K, 32% used [0x00000000a0000000,0x00000000a2129b38,0x00000000a6580000)
 Metaspace       used 64362K, capacity 66371K, committed 66520K, reserved 1107968K
  class space    used 8435K, capacity 8876K, committed 8960K, reserved 1048576K

Card table byte_map: [0x00000000115d0000,0x00000000118e0000] byte_map_base: 0x00000000110d0000

Marking Bits: (ParMarkBitMap*) 0x0000000053639f30
 Begin Bits: [0x0000000011ee0000, 0x00000000136e0000)
 End Bits:   [0x00000000136e0000, 0x0000000014ee0000)

Polling page: 0x0000000000710000

CodeCache: size=245760Kb used=24457Kb max_used=24457Kb free=221302Kb
 bounds [0x0000000002210000, 0x0000000003a10000, 0x0000000011210000]
 total_blobs=8427 nmethods=7633 adapters=707
 compilation: enabled

Compilation events (10 events):
Event: 362.117 Thread 0x00000000173f0800 8680       3       org.gradle.api.internal.artifacts.DefaultResolvedArtifact::getClassifier (10 bytes)
Event: 362.118 Thread 0x00000000173f0800 nmethod 8680 0x0000000003a0d390 code [0x0000000003a0d500, 0x0000000003a0d6b0]
Event: 362.119 Thread 0x00000000173f0800 8681       3       org.gradle.internal.component.model.DefaultIvyArtifactName::forFile (30 bytes)
Event: 362.120 Thread 0x00000000173f0800 nmethod 8681 0x0000000003a08e50 code [0x0000000003a08fe0, 0x0000000003a09348]
Event: 362.120 Thread 0x00000000173f0800 8682       3       org.gradle.internal.component.local.model.ComponentFileArtifactIdentifier::<init> (15 bytes)
Event: 362.121 Thread 0x00000000173f0800 nmethod 8682 0x0000000003a0cfd0 code [0x0000000003a0d120, 0x0000000003a0d2f0]
Event: 362.121 Thread 0x00000000173f0800 8683       3       org.gradle.api.internal.artifacts.DefaultResolvedArtifact::getModuleVersion (12 bytes)
Event: 362.122 Thread 0x00000000173f0800 nmethod 8683 0x0000000003a08950 code [0x0000000003a08ac0, 0x0000000003a08d30]
Event: 362.123 Thread 0x00000000173f0800 8684       3       org.gradle.api.internal.artifacts.DefaultResolvedArtifact::<init> (37 bytes)
Event: 362.123 Thread 0x00000000173f0800 nmethod 8684 0x0000000003a08510 code [0x0000000003a08660, 0x0000000003a08890]

GC Heap History (10 events):
Event: 18.222 GC heap before
{Heap before GC invocations=13 (full 2):
 PSYoungGen      total 126464K, used 123904K [0x00000000e0000000, 0x00000000e9f80000, 0x0000000100000000)
  eden space 123904K, 100% used [0x00000000e0000000,0x00000000e7900000,0x00000000e7900000)
  from space 2560K, 0% used [0x00000000e8500000,0x00000000e8500000,0x00000000e8780000)
  to   space 12288K, 0% used [0x00000000e7900000,0x00000000e7900000,0x00000000e8500000)
 ParOldGen       total 64000K, used 15932K [0x00000000a0000000, 0x00000000a3e80000, 0x00000000e0000000)
  object space 64000K, 24% used [0x00000000a0000000,0x00000000a0f8f3a0,0x00000000a3e80000)
 Metaspace       used 45313K, capacity 46332K, committed 46552K, reserved 1089536K
  class space    used 6103K, capacity 6364K, committed 6400K, reserved 1048576K
Event: 18.256 GC heap after
Heap after GC invocations=13 (full 2):
 PSYoungGen      total 136192K, used 12287K [0x00000000e0000000, 0x00000000eb280000, 0x0000000100000000)
  eden space 123904K, 0% used [0x00000000e0000000,0x00000000e0000000,0x00000000e7900000)
  from space 12288K, 99% used [0x00000000e7900000,0x00000000e84ffc20,0x00000000e8500000)
  to   space 15360K, 0% used [0x00000000ea380000,0x00000000ea380000,0x00000000eb280000)
 ParOldGen       total 64000K, used 19330K [0x00000000a0000000, 0x00000000a3e80000, 0x00000000e0000000)
  object space 64000K, 30% used [0x00000000a0000000,0x00000000a12e0990,0x00000000a3e80000)
 Metaspace       used 45313K, capacity 46332K, committed 46552K, reserved 1089536K
  class space    used 6103K, capacity 6364K, committed 6400K, reserved 1048576K
}
Event: 21.470 GC heap before
{Heap before GC invocations=14 (full 2):
 PSYoungGen      total 136192K, used 136191K [0x00000000e0000000, 0x00000000eb280000, 0x0000000100000000)
  eden space 123904K, 100% used [0x00000000e0000000,0x00000000e7900000,0x00000000e7900000)
  from space 12288K, 99% used [0x00000000e7900000,0x00000000e84ffc20,0x00000000e8500000)
  to   space 15360K, 0% used [0x00000000ea380000,0x00000000ea380000,0x00000000eb280000)
 ParOldGen       total 64000K, used 19330K [0x00000000a0000000, 0x00000000a3e80000, 0x00000000e0000000)
  object space 64000K, 30% used [0x00000000a0000000,0x00000000a12e0990,0x00000000a3e80000)
 Metaspace       used 53369K, capacity 54862K, committed 55000K, reserved 1097728K
  class space    used 7221K, capacity 7571K, committed 7680K, reserved 1048576K
Event: 21.493 GC heap after
Heap after GC invocations=14 (full 2):
 PSYoungGen      total 163328K, used 15337K [0x00000000e0000000, 0x00000000eba00000, 0x0000000100000000)
  eden space 147968K, 0% used [0x00000000e0000000,0x00000000e0000000,0x00000000e9080000)
  from space 15360K, 99% used [0x00000000ea380000,0x00000000eb27a550,0x00000000eb280000)
  to   space 19456K, 0% used [0x00000000e9080000,0x00000000e9080000,0x00000000ea380000)
 ParOldGen       total 64000K, used 25087K [0x00000000a0000000, 0x00000000a3e80000, 0x00000000e0000000)
  object space 64000K, 39% used [0x00000000a0000000,0x00000000a187fce0,0x00000000a3e80000)
 Metaspace       used 53369K, capacity 54862K, committed 55000K, reserved 1097728K
  class space    used 7221K, capacity 7571K, committed 7680K, reserved 1048576K
}
Event: 22.981 GC heap before
{Heap before GC invocations=15 (full 2):
 PSYoungGen      total 163328K, used 62699K [0x00000000e0000000, 0x00000000eba00000, 0x0000000100000000)
  eden space 147968K, 32% used [0x00000000e0000000,0x00000000e2e40a78,0x00000000e9080000)
  from space 15360K, 99% used [0x00000000ea380000,0x00000000eb27a550,0x00000000eb280000)
  to   space 19456K, 0% used [0x00000000e9080000,0x00000000e9080000,0x00000000ea380000)
 ParOldGen       total 64000K, used 25087K [0x00000000a0000000, 0x00000000a3e80000, 0x00000000e0000000)
  object space 64000K, 39% used [0x00000000a0000000,0x00000000a187fce0,0x00000000a3e80000)
 Metaspace       used 57359K, capacity 59021K, committed 59028K, reserved 1099776K
  class space    used 7794K, capacity 8192K, committed 8192K, reserved 1048576K
Event: 23.025 GC heap after
Heap after GC invocations=15 (full 2):
 PSYoungGen      total 167424K, used 4721K [0x00000000e0000000, 0x00000000ee100000, 0x0000000100000000)
  eden space 147968K, 0% used [0x00000000e0000000,0x00000000e0000000,0x00000000e9080000)
  from space 19456K, 24% used [0x00000000e9080000,0x00000000e951c7d8,0x00000000ea380000)
  to   space 19456K, 0% used [0x00000000ece00000,0x00000000ece00000,0x00000000ee100000)
 ParOldGen       total 64000K, used 39997K [0x00000000a0000000, 0x00000000a3e80000, 0x00000000e0000000)
  object space 64000K, 62% used [0x00000000a0000000,0x00000000a270f5e8,0x00000000a3e80000)
 Metaspace       used 57359K, capacity 59021K, committed 59028K, reserved 1099776K
  class space    used 7794K, capacity 8192K, committed 8192K, reserved 1048576K
}
Event: 23.025 GC heap before
{Heap before GC invocations=16 (full 3):
 PSYoungGen      total 167424K, used 4721K [0x00000000e0000000, 0x00000000ee100000, 0x0000000100000000)
  eden space 147968K, 0% used [0x00000000e0000000,0x00000000e0000000,0x00000000e9080000)
  from space 19456K, 24% used [0x00000000e9080000,0x00000000e951c7d8,0x00000000ea380000)
  to   space 19456K, 0% used [0x00000000ece00000,0x00000000ece00000,0x00000000ee100000)
 ParOldGen       total 64000K, used 39997K [0x00000000a0000000, 0x00000000a3e80000, 0x00000000e0000000)
  object space 64000K, 62% used [0x00000000a0000000,0x00000000a270f5e8,0x00000000a3e80000)
 Metaspace       used 57359K, capacity 59021K, committed 59028K, reserved 1099776K
  class space    used 7794K, capacity 8192K, committed 8192K, reserved 1048576K
Event: 23.330 GC heap after
Heap after GC invocations=16 (full 3):
 PSYoungGen      total 167424K, used 0K [0x00000000e0000000, 0x00000000ee100000, 0x0000000100000000)
  eden space 147968K, 0% used [0x00000000e0000000,0x00000000e0000000,0x00000000e9080000)
  from space 19456K, 0% used [0x00000000e9080000,0x00000000e9080000,0x00000000ea380000)
  to   space 19456K, 0% used [0x00000000ece00000,0x00000000ece00000,0x00000000ee100000)
 ParOldGen       total 103936K, used 33950K [0x00000000a0000000, 0x00000000a6580000, 0x00000000e0000000)
  object space 103936K, 32% used [0x00000000a0000000,0x00000000a2127b38,0x00000000a6580000)
 Metaspace       used 57335K, capacity 58959K, committed 59028K, reserved 1099776K
  class space    used 7787K, capacity 8179K, committed 8192K, reserved 1048576K
}
Event: 356.580 GC heap before
{Heap before GC invocations=17 (full 3):
 PSYoungGen      total 167424K, used 147968K [0x00000000e0000000, 0x00000000ee100000, 0x0000000100000000)
  eden space 147968K, 100% used [0x00000000e0000000,0x00000000e9080000,0x00000000e9080000)
  from space 19456K, 0% used [0x00000000e9080000,0x00000000e9080000,0x00000000ea380000)
  to   space 19456K, 0% used [0x00000000ece00000,0x00000000ece00000,0x00000000ee100000)
 ParOldGen       total 103936K, used 33950K [0x00000000a0000000, 0x00000000a6580000, 0x00000000e0000000)
  object space 103936K, 32% used [0x00000000a0000000,0x00000000a2127b38,0x00000000a6580000)
 Metaspace       used 62935K, capacity 64955K, committed 65112K, reserved 1105920K
  class space    used 8275K, capacity 8756K, committed 8832K, reserved 1048576K
Event: 356.600 GC heap after
Heap after GC invocations=17 (full 3):
 PSYoungGen      total 187904K, used 11908K [0x00000000e0000000, 0x00000000eda00000, 0x0000000100000000)
  eden space 175616K, 0% used [0x00000000e0000000,0x00000000e0000000,0x00000000eab80000)
  from space 12288K, 96% used [0x00000000ece00000,0x00000000ed9a1300,0x00000000eda00000)
  to   space 19456K, 0% used [0x00000000eb400000,0x00000000eb400000,0x00000000ec700000)
 ParOldGen       total 103936K, used 33958K [0x00000000a0000000, 0x00000000a6580000, 0x00000000e0000000)
  object space 103936K, 32% used [0x00000000a0000000,0x00000000a2129b38,0x00000000a6580000)
 Metaspace       used 62935K, capacity 64955K, committed 65112K, reserved 1105920K
  class space    used 8275K, capacity 8756K, committed 8832K, reserved 1048576K
}

Deoptimization events (10 events):
Event: 356.665 Thread 0x0000000018386000 Uncommon trap: reason=class_check action=maybe_recompile pc=0x0000000002e91818 method=org.gradle.api.internal.attributes.DefaultImmutableAttributes.equals(Ljava/lang/Object;)Z @ 92
Event: 356.665 Thread 0x0000000018386000 Uncommon trap: reason=class_check action=maybe_recompile pc=0x0000000002e91818 method=org.gradle.api.internal.attributes.DefaultImmutableAttributes.equals(Ljava/lang/Object;)Z @ 92
Event: 357.265 Thread 0x0000000018386000 Uncommon trap: reason=unstable_if action=reinterpret pc=0x00000000034d1278 method=com.google.common.collect.MapMakerInternalMap$Segment.drainKeyReferenceQueue(Ljava/lang/ref/ReferenceQueue;)V @ 8
Event: 357.701 Thread 0x0000000018386000 Uncommon trap: reason=unstable_if action=reinterpret pc=0x0000000003530ed4 method=java.util.concurrent.ConcurrentLinkedQueue.offer(Ljava/lang/Object;)Z @ 91
Event: 357.734 Thread 0x000000001e681800 Uncommon trap: reason=unstable_if action=reinterpret pc=0x0000000002b13a58 method=java.util.concurrent.ConcurrentLinkedQueue.poll()Ljava/lang/Object; @ 25
Event: 357.962 Thread 0x000000001e681800 Uncommon trap: reason=unstable_if action=reinterpret pc=0x0000000002d1e6c0 method=java.util.concurrent.ConcurrentLinkedQueue.poll()Ljava/lang/Object; @ 25
Event: 358.620 Thread 0x0000000018386000 Uncommon trap: reason=unstable_if action=reinterpret pc=0x000000000380bc74 method=java.util.concurrent.ConcurrentLinkedQueue.offer(Ljava/lang/Object;)Z @ 91
Event: 359.034 Thread 0x000000001e681800 Uncommon trap: reason=unstable_if action=reinterpret pc=0x0000000002362914 method=java.util.concurrent.locks.AbstractQueuedSynchronizer$ConditionObject.doSignal(Ljava/util/concurrent/locks/AbstractQueuedSynchronizer$Node;)V @ 9
Event: 362.029 Thread 0x000000001e681800 Uncommon trap: reason=bimorphic action=maybe_recompile pc=0x0000000003979398 method=org.gradle.internal.snapshot.DirectorySnapshot.accept(Lorg/gradle/internal/snapshot/FileSystemSnapshotVisitor;)V @ 52
Event: 362.029 Thread 0x000000001e681800 Uncommon trap: reason=bimorphic action=maybe_recompile pc=0x0000000003979668 method=org.gradle.internal.snapshot.DirectorySnapshot.accept(Lorg/gradle/internal/snapshot/FileSystemSnapshotVisitor;)V @ 52

Classes redefined (0 events):
No events

Internal exceptions (10 events):
Event: 356.822 Thread 0x0000000018386000 Exception <a 'java/lang/ClassNotFoundException': com/android/build/gradle/tasks/MergeResources_DecoratedBeanInfo> (0x00000000e0e02fc8) thrown at [D:\src\AOSP-openjdk-cygwin\jdk8u\hotspot\src\share\vm\classfile\systemDictionary.cpp, line 210]
Event: 356.822 Thread 0x0000000018386000 Exception <a 'java/lang/ClassNotFoundException': com/android/build/gradle/tasks/MergeResourcesBeanInfo> (0x00000000e0e1bd40) thrown at [D:\src\AOSP-openjdk-cygwin\jdk8u\hotspot\src\share\vm\classfile\systemDictionary.cpp, line 210]
Event: 356.823 Thread 0x0000000018386000 Exception <a 'java/lang/ClassNotFoundException': com/android/build/gradle/tasks/ResourceAwareTaskBeanInfo> (0x00000000e0e35548) thrown at [D:\src\AOSP-openjdk-cygwin\jdk8u\hotspot\src\share\vm\classfile\systemDictionary.cpp, line 210]
Event: 356.824 Thread 0x0000000018386000 Exception <a 'java/lang/ClassNotFoundException': com/android/build/gradle/internal/tasks/IncrementalTaskBeanInfo> (0x00000000e0e50910) thrown at [D:\src\AOSP-openjdk-cygwin\jdk8u\hotspot\src\share\vm\classfile\systemDictionary.cpp, line 210]
Event: 356.824 Thread 0x0000000018386000 Exception <a 'java/lang/ClassNotFoundException': com/android/build/gradle/internal/tasks/AndroidVariantTaskBeanInfo> (0x00000000e0e6c2b8) thrown at [D:\src\AOSP-openjdk-cygwin\jdk8u\hotspot\src\share\vm\classfile\systemDictionary.cpp, line 210]
Event: 356.825 Thread 0x0000000018386000 Exception <a 'java/lang/ClassNotFoundException': com/android/build/gradle/internal/tasks/AndroidVariantTaskCustomizer> (0x00000000e0e8cd10) thrown at [D:\src\AOSP-openjdk-cygwin\jdk8u\hotspot\src\share\vm\classfile\systemDictionary.cpp, line 210]
Event: 356.829 Thread 0x0000000018386000 Exception <a 'java/lang/ClassNotFoundException': com/android/build/gradle/internal/tasks/IncrementalTaskCustomizer> (0x00000000e0eb8d80) thrown at [D:\src\AOSP-openjdk-cygwin\jdk8u\hotspot\src\share\vm\classfile\systemDictionary.cpp, line 210]
Event: 356.830 Thread 0x0000000018386000 Exception <a 'java/lang/ClassNotFoundException': com/android/build/gradle/tasks/ResourceAwareTaskCustomizer> (0x00000000e0ee4660) thrown at [D:\src\AOSP-openjdk-cygwin\jdk8u\hotspot\src\share\vm\classfile\systemDictionary.cpp, line 210]
Event: 356.832 Thread 0x0000000018386000 Exception <a 'java/lang/ClassNotFoundException': com/android/build/gradle/tasks/MergeResourcesCustomizer> (0x00000000e0f1d0b8) thrown at [D:\src\AOSP-openjdk-cygwin\jdk8u\hotspot\src\share\vm\classfile\systemDictionary.cpp, line 210]
Event: 356.834 Thread 0x0000000018386000 Exception <a 'java/lang/ClassNotFoundException': com/android/build/gradle/tasks/MergeResources_DecoratedCustomizer> (0x00000000e0f69b38) thrown at [D:\src\AOSP-openjdk-cygwin\jdk8u\hotspot\src\share\vm\classfile\systemDictionary.cpp, line 210]

Events (10 events):
Event: 362.026 loading class com/android/build/gradle/tasks/MergeResources$Flag
Event: 362.026 loading class com/android/build/gradle/tasks/MergeResources$Flag done
Event: 362.028 loading class org/gradle/internal/fingerprint/impl/RelativePathFingerprintingStrategy$1
Event: 362.028 loading class org/gradle/internal/fingerprint/impl/RelativePathFingerprintingStrategy$1 done
Event: 362.029 Thread 0x000000001e681800 Uncommon trap: trap_request=0xffffffc6 fr.pc=0x0000000003979398
Event: 362.029 Thread 0x000000001e681800 DEOPT PACKING pc=0x0000000003979398 sp=0x000000002353d850
Event: 362.029 Thread 0x000000001e681800 DEOPT UNPACKING pc=0x000000000225557b sp=0x000000002353d7c0 mode 2
Event: 362.029 Thread 0x000000001e681800 Uncommon trap: trap_request=0xffffffc6 fr.pc=0x0000000003979668
Event: 362.029 Thread 0x000000001e681800 DEOPT PACKING pc=0x0000000003979668 sp=0x000000002353d850
Event: 362.029 Thread 0x000000001e681800 DEOPT UNPACKING pc=0x000000000225557b sp=0x000000002353d830 mode 2


Dynamic libraries:
0x00007ff7c4390000 - 0x00007ff7c43c1000 	C:\Program Files\Android\Android Studio\jre\bin\java.exe
0x00007ff9a22a0000 - 0x00007ff9a2461000 	C:\Windows\SYSTEM32\ntdll.dll
0x00007ff9a1790000 - 0x00007ff9a183d000 	C:\Windows\system32\KERNEL32.DLL
0x00007ff99f6d0000 - 0x00007ff99f8ad000 	C:\Windows\system32\KERNELBASE.dll
0x00007ff9a19a0000 - 0x00007ff9a1a46000 	C:\Windows\system32\ADVAPI32.dll
0x00007ff99f970000 - 0x00007ff99fa0d000 	C:\Windows\system32\msvcrt.dll
0x00007ff9a1a50000 - 0x00007ff9a1aab000 	C:\Windows\system32\sechost.dll
0x00007ff9a1de0000 - 0x00007ff9a1f06000 	C:\Windows\system32\RPCRT4.dll
0x00007ff9a1ab0000 - 0x00007ff9a1bfe000 	C:\Windows\system32\USER32.dll
0x00007ff9a0010000 - 0x00007ff9a0196000 	C:\Windows\system32\GDI32.dll
0x00007ff9931b0000 - 0x00007ff993424000 	C:\Windows\WinSxS\amd64_microsoft.windows.common-controls_6595b64144ccf1df_6.0.10240.16384_none_f41f7b285750ef43\COMCTL32.dll
0x00007ff9a2260000 - 0x00007ff9a2296000 	C:\Windows\system32\IMM32.DLL
0x00007ff9a1840000 - 0x00007ff9a199c000 	C:\Windows\system32\MSCTF.dll
0x0000000052d90000 - 0x0000000052e62000 	C:\Program Files\Android\Android Studio\jre\jre\bin\msvcr100.dll
0x0000000052e70000 - 0x00000000536b6000 	C:\Program Files\Android\Android Studio\jre\jre\bin\server\jvm.dll
0x00007ff9a0000000 - 0x00007ff9a0008000 	C:\Windows\system32\PSAPI.DLL
0x00007ff992d30000 - 0x00007ff992d39000 	C:\Windows\SYSTEM32\WSOCK32.dll
0x00007ff99fc80000 - 0x00007ff99fce9000 	C:\Windows\system32\WS2_32.dll
0x00007ff99ff90000 - 0x00007ff99ff98000 	C:\Windows\system32\NSI.dll
0x00007ff99cd60000 - 0x00007ff99cd83000 	C:\Windows\SYSTEM32\WINMM.dll
0x00007ff994940000 - 0x00007ff99494a000 	C:\Windows\SYSTEM32\VERSION.dll
0x00007ff99cd30000 - 0x00007ff99cd5c000 	C:\Windows\SYSTEM32\WINMMBASE.dll
0x00007ff99ef40000 - 0x00007ff99ef84000 	C:\Windows\system32\cfgmgr32.dll
0x00007ff99d640000 - 0x00007ff99d667000 	C:\Windows\SYSTEM32\DEVOBJ.dll
0x00007ff995320000 - 0x00007ff99532f000 	C:\Program Files\Android\Android Studio\jre\jre\bin\verify.dll
0x00007ff991d10000 - 0x00007ff991d39000 	C:\Program Files\Android\Android Studio\jre\jre\bin\java.dll
0x00007ff994d50000 - 0x00007ff994d66000 	C:\Program Files\Android\Android Studio\jre\jre\bin\zip.dll
0x00007ff9a0260000 - 0x00007ff9a1782000 	C:\Windows\system32\SHELL32.dll
0x00007ff99f0a0000 - 0x00007ff99f6c9000 	C:\Windows\system32\windows.storage.dll
0x00007ff99fd10000 - 0x00007ff99ff8c000 	C:\Windows\system32\combase.dll
0x00007ff99ffa0000 - 0x00007ff99fff1000 	C:\Windows\system32\shlwapi.dll
0x00007ff99ed60000 - 0x00007ff99ed6f000 	C:\Windows\system32\kernel.appcore.dll
0x00007ff99f8b0000 - 0x00007ff99f963000 	C:\Windows\system32\shcore.dll
0x00007ff99ed10000 - 0x00007ff99ed5a000 	C:\Windows\system32\powrprof.dll
0x00007ff99ecf0000 - 0x00007ff99ed03000 	C:\Windows\system32\profapi.dll
0x00007ff993680000 - 0x00007ff99369a000 	C:\Program Files\Android\Android Studio\jre\jre\bin\net.dll
0x00007ff99e4e0000 - 0x00007ff99e53d000 	C:\Windows\system32\mswsock.dll
0x00007ff993650000 - 0x00007ff993661000 	C:\Program Files\Android\Android Studio\jre\jre\bin\nio.dll
0x00007ff989660000 - 0x00007ff989686000 	C:\Users\hp\.gradle\native\29\windows-amd64\native-platform.dll
0x00007ff995310000 - 0x00007ff99531d000 	C:\Program Files\Android\Android Studio\jre\jre\bin\management.dll
0x00007ff99e540000 - 0x00007ff99e557000 	C:\Windows\SYSTEM32\CRYPTSP.dll
0x00007ff99ec00000 - 0x00007ff99ec28000 	C:\Windows\SYSTEM32\bcrypt.dll
0x00007ff99e190000 - 0x00007ff99e1c3000 	C:\Windows\system32\rsaenh.dll
0x00007ff99e280000 - 0x00007ff99e29f000 	C:\Windows\SYSTEM32\USERENV.dll
0x00007ff99ea90000 - 0x00007ff99eafb000 	C:\Windows\system32\bcryptprimitives.dll
0x00007ff99e6b0000 - 0x00007ff99e6bb000 	C:\Windows\SYSTEM32\CRYPTBASE.dll
0x00007ff998640000 - 0x00007ff998678000 	C:\Windows\SYSTEM32\IPHLPAPI.DLL
0x00007ff998630000 - 0x00007ff99863b000 	C:\Windows\SYSTEM32\WINNSI.DLL
0x00007ff994a10000 - 0x00007ff994a26000 	C:\Windows\SYSTEM32\dhcpcsvc6.DLL
0x00007ff997c30000 - 0x00007ff997c4a000 	C:\Windows\SYSTEM32\dhcpcsvc.DLL

VM Arguments:
jvm_args: -Xmx1536m -Dfile.encoding=windows-1252 -Duser.country=FR -Duser.language=fr -Duser.variant 
java_command: org.gradle.launcher.daemon.bootstrap.GradleDaemon 5.4.1
java_class_path (initial): C:\Users\hp\.gradle\wrapper\dists\gradle-5.4.1-all\3221gyojl5jsh0helicew7rwx\gradle-5.4.1\lib\gradle-launcher-5.4.1.jar
Launcher Type: SUN_STANDARD

Environment Variables:
PATH=C:\Program Files\Java\jdk-12.0.2\bin;C:\Program Files\Java\jdk-12.0.2\bin
USERNAME=hp
OS=Windows_NT
PROCESSOR_IDENTIFIER=Intel64 Family 6 Model 142 Stepping 9, GenuineIntel



---------------  S Y S T E M  ---------------

OS: Windows 10.0 , 64 bit Build 10240 (10.0.10240.16384)

CPU:total 4 (initial active 4) (2 cores per cpu, 2 threads per core) family 6 model 142 stepping 9, cmov, cx8, fxsr, mmx, sse, sse2, sse3, ssse3, sse4.1, sse4.2, popcnt, avx, avx2, aes, clmul, erms, 3dnowpref, lzcnt, ht, tsc, tscinvbit, bmi1, bmi2, adx

Memory: 4k page, physical 4107320k(566968k free), swap 16690232k(5412k free)

vm_info: OpenJDK 64-Bit Server VM (25.202-b03) for windows-amd64 JRE (1.8.0_202-release-1483-b03), built by "builder" with MS VC++ 10.0 (VS2010)

time: Fri Nov 22 19:26:20 2019
timezone: Paris, Madrid
elapsed time: 362 seconds (0d 0h 6m 2s)

