JvmtiExport can_access_local_variables 0
JvmtiExport can_hotswap_or_post_breakpoint 0
JvmtiExport can_post_on_exceptions 0
# 321 ciObject found
ciMethod java/lang/Object <init> ()V 4097 1 543765 0 0
ciMethod java/lang/Object getClass ()Ljava/lang/Class; 2049 1 256 0 -1
ciMethod java/lang/Object hashCode ()I 2049 1 256 0 -1
ciMethod java/lang/Object equals (Ljava/lang/Object;)Z 2201 1 22952 0 64
ciMethod java/lang/Object clone ()Ljava/lang/Object; 2049 1 256 0 -1
ciMethod java/lang/String hashCode ()I 2673 32769 1048 0 288
ciMethod java/lang/String lastIndexOf (I)I 3089 1 30504 0 -1
ciMethod java/lang/String substring (II)Ljava/lang/String; 2089 1 5419 0 -1
ciMethod java/lang/Class isAssignableFrom (Ljava/lang/Class;)Z 3073 1 384 0 -1
ciMethod java/lang/Class getName ()Ljava/lang/String; 2049 1 38492 0 96
ciMethod java/lang/Class getName0 ()Ljava/lang/String; 2081 1 260 0 -1
ciMethod java/lang/Class getClassLoader ()Ljava/lang/ClassLoader; 2129 1 9341 0 -1
ciMethod java/lang/Class getClassLoader0 ()Ljava/lang/ClassLoader; 1025 1 128 0 0
ciMethod java/lang/Class getTypeParameters ()[Ljava/lang/reflect/TypeVariable; 3409 1 7859 0 1440
ciMethod java/lang/Class getGenericSuperclass ()Ljava/lang/reflect/Type; 2073 1 1606 0 -1
ciMethod java/lang/Class getInterfaces ()[Ljava/lang/Class; 241 1 5167 0 -1
ciMethod java/lang/Class getGenericInterfaces ()[Ljava/lang/reflect/Type; 2705 1 1601 0 -1
ciMethod java/lang/Class getDeclaringClass ()Ljava/lang/Class; 2137 1 3305 0 0
ciMethod java/lang/Class getDeclaringClass0 ()Ljava/lang/Class; 3081 1 385 0 -1
ciMethod java/lang/Class checkPackageAccess (Ljava/lang/ClassLoader;Z)V 145 1 113 0 0
ciMethod java/lang/Class getGenericSignature0 ()Ljava/lang/String; 2065 1 257 0 -1
ciMethod java/lang/Class getFactory ()Lsun/reflect/generics/factory/GenericsFactory; 185 1 159 0 0
ciMethod java/lang/Class getGenericInfo ()Lsun/reflect/generics/repository/ClassRepository; 3305 1 5709 0 192
ciMethod java/lang/ClassLoader getParent ()Ljava/lang/ClassLoader; 225 1 62 0 -1
ciMethod java/lang/ClassLoader getClassLoader (Ljava/lang/Class;)Ljava/lang/ClassLoader; 105 1 746 0 0
ciMethod java/lang/ClassLoader checkClassLoaderPermission (Ljava/lang/ClassLoader;Ljava/lang/Class;)V 0 0 1 0 -1
ciMethod java/lang/System getSecurityManager ()Ljava/lang/SecurityManager; 2089 1 29415 0 -1
ciMethod java/lang/SecurityManager checkPackageAccess (Ljava/lang/String;)V 0 0 1 0 -1
ciMethod java/lang/ref/Reference get ()Ljava/lang/Object; 1057 1 132 0 -1
ciMethod java/lang/ref/WeakReference <init> (Ljava/lang/Object;)V 2081 1 15013 0 -1
ciMethod java/util/Map get (Ljava/lang/Object;)Ljava/lang/Object; 0 0 1 0 -1
ciMethod java/util/Map put (Ljava/lang/Object;Ljava/lang/Object;)Ljava/lang/Object; 0 0 1 0 -1
ciMethod java/util/Map remove (Ljava/lang/Object;)Ljava/lang/Object; 0 0 1 0 -1
ciMethod java/util/Map entrySet ()Ljava/util/Set; 0 0 1 0 -1
ciMethod java/lang/reflect/Method getDeclaringClass ()Ljava/lang/Class; 1177 1 147 0 0
ciMethod java/lang/reflect/Method getName ()Ljava/lang/String; 1081 1 135 0 0
ciMethod java/lang/reflect/Method hashCode ()I 2081 1 522 0 0
ciMethod java/util/Set iterator ()Ljava/util/Iterator; 0 0 1 0 -1
ciMethod java/util/AbstractMap <init> ()V 649 1 17267 0 32
ciMethod sun/reflect/Reflection getCallerClass ()Ljava/lang/Class; 3081 1 385 0 -1
ciMethod java/util/HashMap hash (Ljava/lang/Object;)I 2105 1 47596 0 160
ciMethod java/util/HashMap <init> ()V 273 1 4625 0 0
ciMethod java/util/HashMap get (Ljava/lang/Object;)Ljava/lang/Object; 3073 1 17956 0 672
ciMethod java/util/HashMap getNode (ILjava/lang/Object;)Ljava/util/HashMap$Node; 2065 1 10901 0 480
ciMethod java/util/Map$Entry getValue ()Ljava/lang/Object; 0 0 1 0 -1
ciMethod java/util/Map$Entry setValue (Ljava/lang/Object;)Ljava/lang/Object; 0 0 1 0 -1
ciMethod java/util/Objects equals (Ljava/lang/Object;Ljava/lang/Object;)Z 873 1 4553 0 -1
ciMethod java/util/Iterator hasNext ()Z 0 0 1 0 -1
ciMethod java/util/Iterator next ()Ljava/lang/Object; 0 0 1 0 -1
ciMethod sun/reflect/generics/repository/ClassRepository <init> (Ljava/lang/String;Lsun/reflect/generics/factory/GenericsFactory;)V 193 1 158 0 -1
ciMethod sun/reflect/generics/repository/ClassRepository make (Ljava/lang/String;Lsun/reflect/generics/factory/GenericsFactory;)Lsun/reflect/generics/repository/ClassRepository; 193 1 158 0 0
ciMethod sun/reflect/generics/repository/GenericDeclRepository getTypeParameters ()[Ljava/lang/reflect/TypeVariable; 1249 185 4943 0 0
ciMethod sun/reflect/generics/repository/AbstractRepository getFactory ()Lsun/reflect/generics/factory/GenericsFactory; 1089 1 136 0 0
ciMethod sun/reflect/generics/repository/AbstractRepository getTree ()Lsun/reflect/generics/tree/Tree; 1033 1 129 0 0
ciMethod sun/reflect/generics/repository/AbstractRepository getReifier ()Lsun/reflect/generics/visitor/Reifier; 2497 1 1589 0 0
ciMethod sun/reflect/misc/ReflectUtil checkPackageAccess (Ljava/lang/Class;)V 2633 1 13596 0 -1
ciMethod sun/reflect/misc/ReflectUtil isAncestor (Ljava/lang/ClassLoader;Ljava/lang/ClassLoader;)Z 0 0 1 0 -1
ciMethod sun/reflect/misc/ReflectUtil needsPackageAccessCheck (Ljava/lang/ClassLoader;Ljava/lang/ClassLoader;)Z 0 0 1 0 -1
ciMethod sun/reflect/misc/ReflectUtil checkProxyPackageAccess (Ljava/lang/ClassLoader;[Ljava/lang/Class;)V 0 0 1 0 -1
ciMethod sun/reflect/misc/ReflectUtil isNonPublicProxyClass (Ljava/lang/Class;)Z 1 1 5273 0 -1
ciMethodData java/lang/Object <init> ()V 2 543783 orig 264 8 206 65 83 0 0 0 0 128 4 244 21 0 0 0 0 32 1 0 0 0 0 0 0 0 0 0 0 0 0 0 0 0 0 0 0 0 0 0 0 0 0 0 0 0 0 0 0 0 0 0 0 0 0 0 0 0 0 0 0 0 0 0 0 0 0 0 0 0 0 0 0 0 0 0 0 0 0 0 0 77 68 79 32 101 120 116 114 97 32 100 97 116 97 32 108 111 99 107 0 0 0 0 0 0 0 0 0 0 0 0 0 0 0 0 0 0 0 0 0 0 0 0 0 0 0 0 0 0 0 0 0 0 0 0 0 0 0 0 0 0 0 0 0 0 0 0 0 0 0 0 0 0 0 0 0 0 0 0 0 0 0 0 0 0 0 0 0 0 0 0 0 0 0 0 0 0 0 0 0 0 0 0 0 1 0 0 0 0 0 0 0 1 0 0 0 0 0 0 0 1 0 0 0 0 0 0 0 0 0 0 0 0 0 0 0 0 2 0 0 57 81 66 0 1 0 0 0 0 0 0 0 0 0 0 0 2 0 0 0 0 0 3 0 1 0 0 0 0 0 0 0 255 255 255 255 0 0 0 0 0 0 0 0 data 0 oops 0
ciMethod java/lang/reflect/Array newInstance (Ljava/lang/Class;I)Ljava/lang/Object; 1017 1 2156 0 0
ciMethod java/lang/reflect/Array newArray (Ljava/lang/Class;I)Ljava/lang/Object; 3081 1 385 0 -1
ciMethod java/util/HashMap$TreeNode getTreeNode (ILjava/lang/Object;)Ljava/util/HashMap$TreeNode; 0 0 1 0 -1
ciMethodData java/lang/String hashCode ()I 2 22862 orig 264 8 206 65 83 0 0 0 0 0 80 244 21 0 0 0 0 152 1 0 0 32 0 0 0 0 0 0 0 0 0 0 0 0 0 0 0 0 0 0 0 0 0 0 0 0 0 0 0 0 0 0 0 0 0 0 0 0 0 0 0 0 0 0 0 0 0 0 0 0 0 0 0 0 0 0 0 0 0 0 0 77 68 79 32 101 120 116 114 97 32 100 97 116 97 32 108 111 99 107 0 0 0 0 0 0 0 0 0 0 0 0 0 0 0 0 0 0 0 0 0 0 0 0 0 0 0 0 0 0 0 0 0 0 0 0 0 0 0 0 0 0 0 0 0 0 0 0 0 0 0 0 0 0 0 0 0 0 0 0 0 0 0 0 0 0 0 0 0 0 0 0 0 0 0 0 0 0 0 0 0 0 0 0 0 1 0 0 0 0 0 0 0 0 0 0 0 0 0 0 0 1 0 0 0 0 0 0 0 0 0 0 0 0 0 0 0 0 16 0 0 81 22 0 0 113 74 2 0 0 0 0 0 0 0 0 0 2 0 0 0 1 0 11 0 2 0 0 0 120 0 0 0 255 255 255 255 7 0 6 0 0 0 0 0 data 15 0x60007 0xfd 0x78 0x1cd 0xe0007 0x4 0x58 0x1c9 0x1e0007 0x1c9 0x38 0x494b 0x2d0003 0x494b 0xffffffffffffffe0 oops 0
ciMethodData java/util/HashMap hash (Ljava/lang/Object;)I 2 47596 orig 264 8 206 65 83 0 0 0 0 120 157 2 22 0 0 0 0 176 1 0 0 0 0 0 0 0 0 0 0 0 0 0 0 0 0 0 0 0 0 0 0 0 0 0 0 0 0 0 0 0 0 0 0 0 0 0 0 0 0 0 0 0 0 0 0 0 0 0 0 0 0 0 0 0 0 0 0 0 0 0 0 77 68 79 32 101 120 116 114 97 32 100 97 116 97 32 108 111 99 107 0 0 0 0 0 0 0 0 0 0 0 0 0 0 0 0 0 0 0 0 0 0 0 0 0 0 0 0 0 0 0 0 0 0 0 0 0 0 0 0 0 0 0 0 0 0 0 0 0 0 0 0 0 0 0 0 0 0 0 0 0 0 0 0 0 0 0 0 0 0 0 0 0 0 0 0 0 0 0 0 2 0 0 0 0 17 0 0 0 0 0 0 0 0 0 0 0 0 0 0 0 0 0 0 0 0 0 0 0 0 0 0 0 0 0 0 0 7 1 0 0 41 199 5 0 1 0 0 0 65 170 0 0 0 0 0 0 2 0 0 0 0 0 6 0 2 0 0 0 104 0 0 0 255 255 255 255 7 224 1 0 0 0 0 0 data 13 0x1e007 0xb87e 0x38 0x69 0x50003 0x69 0x48 0x90005 0x5956 0x2e7ad70 0x597 0x2e7a6b0 0x5991 oops 2 9 java/security/ProtectionDomain 11 java/lang/String
ciMethodData java/util/HashMap getNode (ILjava/lang/Object;)Ljava/util/HashMap$Node; 2 10901 orig 264 8 206 65 83 0 0 0 0 40 167 2 22 0 0 0 0 8 4 0 0 160 0 0 0 0 0 0 0 0 0 0 0 0 0 0 0 0 0 0 0 0 0 0 0 0 0 0 0 0 0 0 0 0 0 0 0 0 0 0 0 0 0 0 0 0 0 0 0 0 0 0 0 0 0 0 0 0 0 0 0 77 68 79 32 101 120 116 114 97 32 100 97 116 97 32 108 111 99 107 0 0 0 0 0 0 0 0 0 0 0 0 0 0 0 0 0 0 0 0 0 0 0 0 0 0 0 0 0 0 0 0 0 0 0 0 0 0 0 0 0 0 0 0 0 1 0 0 0 0 0 0 0 0 0 0 0 0 0 0 0 0 0 0 0 0 0 0 0 0 0 0 0 0 0 0 0 0 0 0 2 0 0 0 0 17 0 0 0 0 0 0 0 0 0 0 0 0 0 0 0 1 0 0 0 0 0 0 0 0 0 0 0 0 0 0 0 2 1 0 0 153 76 1 0 121 15 0 0 20 20 0 0 2 1 0 0 2 0 0 0 1 0 37 0 2 0 0 0 176 2 0 0 255 255 255 255 7 0 6 0 0 0 0 0 data 86 0x60007 0x51b 0x2b0 0x2478 0xe0007 0x0 0x290 0x2478 0x1c0007 0xd40 0x270 0x1738 0x250007 0x88b 0xb0 0xead 0x310007 0x4be 0x90 0x9ef 0x35e007 0x2 0x70 0x9ee 0x3b0005 0x6c2 0x1dc714a0 0xf1 0x2e7a6b0 0x23b 0x3e0007 0x84 0x20 0x96a 0x4c0007 0x4c4 0x1a0 0x44d 0x510004 0xfffffffffffffbb3 0x1cce0960 0x8 0x0 0x0 0x540007 0x44d 0x80 0x0 0x590004 0x0 0x0 0x0 0x0 0x0 0x5e0005 0x0 0x0 0x0 0x0 0x0 0x680007 0x1eb 0xb0 0x33d 0x740007 0x107 0x90 0x236 0x780007 0x0 0x70 0x236 0x7e0005 0x1b1 0x2e7a6b0 0x84 0x168cb350 0x1 0x81e007 0x9 0x20 0x22e 0x8f0007 0xdb 0xffffffffffffff50 0x119 oops 5 26 java/util/jar/Attributes$Name 28 java/lang/String 40 java/util/HashMap$Node 74 java/lang/String 76 java/io/File
ciMethod java/lang/AssertionError <init> ()V 0 0 1 0 -1
ciMethodData java/util/HashMap <init> ()V 2 4631 orig 264 8 206 65 83 0 0 0 0 48 162 2 22 0 0 0 0 48 1 0 0 0 0 0 0 0 0 0 0 0 0 0 0 0 0 0 0 0 0 0 0 0 0 0 0 0 0 0 0 0 0 0 0 0 0 0 0 0 0 0 0 0 0 0 0 0 0 0 0 0 0 0 0 0 0 0 0 0 0 0 0 77 68 79 32 101 120 116 114 97 32 100 97 116 97 32 108 111 99 107 0 0 0 0 0 0 0 0 0 0 0 0 0 0 0 0 0 0 0 0 0 0 0 0 0 0 0 0 0 0 0 0 0 0 0 0 0 0 0 0 0 0 0 0 0 0 0 0 0 0 0 0 0 0 0 0 0 0 0 0 0 0 0 0 0 0 0 0 0 0 0 0 0 0 0 0 0 0 0 0 0 0 0 0 0 0 0 0 0 0 0 0 0 0 0 0 0 0 0 0 0 0 0 0 0 0 0 0 0 0 0 0 0 0 0 0 0 34 0 0 0 169 143 0 0 1 0 0 0 0 0 0 0 0 0 0 0 2 0 0 0 0 0 3 0 2 0 0 0 16 0 0 0 255 255 255 255 2 0 1 0 0 0 0 0 data 2 0x10002 0x11f5 oops 0
ciMethodData java/util/AbstractMap <init> ()V 2 17267 orig 264 8 206 65 83 0 0 0 0 160 242 1 22 0 0 0 0 48 1 0 0 0 0 0 0 0 0 0 0 0 0 0 0 0 0 0 0 0 0 0 0 0 0 0 0 0 0 0 0 0 0 0 0 0 0 0 0 0 0 0 0 0 0 0 0 0 0 0 0 0 0 0 0 0 0 0 0 0 0 0 0 77 68 79 32 101 120 116 114 97 32 100 97 116 97 32 108 111 99 107 0 0 0 0 0 0 0 0 0 0 0 0 0 0 0 0 0 0 0 0 0 0 0 0 0 0 0 0 0 0 0 0 0 0 0 0 0 0 0 0 0 0 0 0 0 0 0 0 0 0 0 0 0 0 0 0 0 0 0 0 0 0 0 0 0 0 0 0 0 0 0 0 0 0 0 0 0 0 0 0 0 0 0 0 0 1 0 0 0 0 0 0 0 0 0 0 0 0 0 0 0 1 0 0 0 0 0 0 0 0 0 0 0 0 0 0 0 81 0 0 0 17 25 2 0 1 0 0 0 0 0 0 0 0 0 0 0 2 0 0 0 0 0 3 0 2 0 0 0 16 0 0 0 255 255 255 255 2 0 1 0 0 0 0 0 data 2 0x10002 0x4322 oops 0
ciMethodData java/util/HashMap get (Ljava/lang/Object;)Ljava/lang/Object; 2 17956 orig 264 8 206 65 83 0 0 0 0 248 165 2 22 0 0 0 0 200 1 0 0 0 0 0 0 0 0 0 0 0 0 0 0 0 0 0 0 0 0 0 0 0 0 0 0 0 0 0 0 0 0 0 0 0 0 0 0 0 0 0 0 0 0 0 0 0 0 0 0 0 0 0 0 0 0 0 0 0 0 0 0 77 68 79 32 101 120 116 114 97 32 100 97 116 97 32 108 111 99 107 0 0 0 0 0 0 0 0 0 0 0 0 0 0 0 0 0 0 0 0 0 0 0 0 0 0 0 0 0 0 0 0 0 0 0 0 0 0 0 0 0 0 0 0 0 2 0 0 0 0 0 0 0 0 0 0 0 0 0 0 0 0 0 0 0 0 0 0 0 0 0 0 0 0 0 0 0 0 0 0 0 0 0 0 0 17 0 0 0 0 0 0 0 0 0 0 0 0 0 0 0 1 0 0 0 0 0 0 0 0 0 0 0 0 0 0 0 128 1 0 0 33 37 2 0 1 0 0 0 164 68 0 0 0 0 0 0 2 0 0 0 0 0 10 0 2 0 0 0 120 0 0 0 255 255 255 255 2 0 2 0 0 0 0 0 data 15 0x20002 0x44a4 0x60005 0xc5 0x1b9298c0 0x43dc 0x1cce1220 0x5 0xb0007 0x1c46 0x38 0x2861 0xf0003 0x2861 0x18 oops 2 4 java/util/HashMap 6 sun/nio/ch/WindowsSelectorImpl$FdMap
ciMethod java/lang/reflect/Proxy isProxyClass (Ljava/lang/Class;)Z 3065 1 5403 0 -1
ciMethod java/lang/reflect/WeakCache containsValue (Ljava/lang/Object;)Z 0 0 1 0 -1
ciMethodData java/lang/Class getName ()Ljava/lang/String; 2 38687 orig 264 8 206 65 83 0 0 0 0 112 200 244 21 0 0 0 0 80 1 0 0 0 0 0 0 0 0 0 0 0 0 0 0 0 0 0 0 0 0 0 0 0 0 0 0 0 0 0 0 0 0 0 0 0 0 0 0 0 0 0 0 0 0 0 0 0 0 0 0 0 0 0 0 0 0 0 0 0 0 0 0 77 68 79 32 101 120 116 114 97 32 100 97 116 97 32 108 111 99 107 0 0 0 0 0 0 0 0 0 0 0 0 0 0 0 0 0 0 0 0 0 0 0 0 0 0 0 0 0 0 0 0 0 0 0 0 0 0 0 0 0 0 0 0 0 0 0 0 0 0 0 0 0 0 0 0 0 0 0 0 0 0 0 0 0 0 0 0 0 0 0 0 0 0 0 0 0 0 0 0 0 0 0 0 0 0 0 0 0 0 0 0 0 0 0 0 0 0 0 0 0 0 0 0 0 0 0 0 0 0 0 0 0 0 0 0 0 0 1 0 0 249 176 4 0 1 0 0 0 0 0 0 0 0 0 0 0 2 0 0 0 0 0 6 0 2 0 0 0 48 0 0 0 255 255 255 255 7 0 6 0 0 0 0 0 data 6 0x60007 0x935d 0x30 0x2c2 0xb0002 0x2c2 oops 0
ciMethodData java/lang/ClassLoader getClassLoader (Ljava/lang/Class;)Ljava/lang/ClassLoader; 1 746 orig 264 8 206 65 83 0 0 0 0 120 106 245 21 0 0 0 0 152 1 0 0 0 0 0 0 0 0 0 0 0 0 0 0 0 0 0 0 0 0 0 0 0 0 0 0 0 0 0 0 0 0 0 0 0 0 0 0 0 0 0 0 0 0 0 0 0 0 0 0 0 0 0 0 0 0 0 0 0 0 0 0 77 68 79 32 101 120 116 114 97 32 100 97 116 97 32 108 111 99 107 0 0 0 0 0 0 0 0 0 0 0 0 0 0 0 0 0 0 0 0 0 0 0 0 0 0 0 0 0 0 0 0 0 0 0 0 0 0 0 0 0 0 0 0 0 0 0 0 0 0 0 0 0 0 0 0 0 0 0 0 0 0 0 0 0 0 0 0 0 0 0 0 0 0 0 0 0 0 0 0 0 0 0 0 0 0 0 0 0 0 0 0 0 0 0 0 0 0 0 0 0 0 0 0 0 0 0 0 0 0 0 0 0 0 0 0 0 13 0 0 0 233 22 0 0 1 0 0 0 0 0 0 0 0 0 0 0 2 0 0 0 0 0 5 0 2 0 0 0 80 0 0 0 255 255 255 255 7 0 1 0 0 0 0 0 data 10 0x10007 0x2dd 0x20 0x0 0x70005 0xf7 0x2e7a740 0x1e6 0x0 0x0 oops 1 6 java/lang/Class
ciMethodData java/lang/reflect/Array newInstance (Ljava/lang/Class;I)Ljava/lang/Object; 2 2156 orig 264 8 206 65 83 0 0 0 0 192 245 12 22 0 0 0 0 96 1 0 0 0 0 0 0 0 0 0 0 0 0 0 0 0 0 0 0 0 0 0 0 0 0 0 0 0 0 0 0 0 0 0 0 0 0 0 0 0 0 0 0 0 0 0 0 0 0 0 0 0 0 0 0 0 0 0 0 0 0 0 0 77 68 79 32 101 120 116 114 97 32 100 97 116 97 32 108 111 99 107 0 0 0 0 0 0 0 0 0 0 0 0 0 0 0 0 0 0 0 0 0 0 0 0 0 0 0 0 0 0 0 0 0 0 0 0 0 0 0 0 0 0 0 0 0 0 0 0 0 0 0 0 0 0 0 0 0 0 0 0 0 0 0 0 0 0 0 0 0 0 0 0 0 0 0 0 0 0 0 0 0 0 0 0 0 0 0 0 0 0 0 0 0 0 0 0 0 0 0 0 0 0 0 0 0 0 0 0 0 0 0 0 0 0 0 0 0 127 0 0 0 105 63 0 0 1 0 0 0 0 0 0 0 0 0 0 0 2 0 0 0 0 0 0 0 0 0 0 0 16 0 0 0 255 255 255 255 2 0 2 0 0 0 0 0 data 2 0x20002 0x7ed oops 0
ciMethod sun/reflect/generics/factory/CoreReflectionFactory make (Ljava/lang/reflect/GenericDeclaration;Lsun/reflect/generics/scope/Scope;)Lsun/reflect/generics/factory/CoreReflectionFactory; 377 1 1522 0 -1
ciMethod sun/reflect/generics/tree/TypeTree accept (Lsun/reflect/generics/visitor/TypeTreeVisitor;)V 0 0 1 0 -1
ciMethod sun/reflect/generics/tree/FormalTypeParameter accept (Lsun/reflect/generics/visitor/TypeTreeVisitor;)V 265 1 130 0 0
ciMethod sun/reflect/generics/tree/Signature getFormalTypeParameters ()[Lsun/reflect/generics/tree/FormalTypeParameter; 0 0 1 0 -1
ciMethod sun/reflect/generics/tree/MethodTypeSignature getFormalTypeParameters ()[Lsun/reflect/generics/tree/FormalTypeParameter; 1041 1 130 0 0
ciMethod sun/reflect/generics/visitor/TypeTreeVisitor visitFormalTypeParameter (Lsun/reflect/generics/tree/FormalTypeParameter;)V 0 0 1 0 -1
ciMethod sun/reflect/generics/visitor/Reifier <init> (Lsun/reflect/generics/factory/GenericsFactory;)V 2081 1 2572 0 0
ciMethod sun/reflect/generics/visitor/Reifier make (Lsun/reflect/generics/factory/GenericsFactory;)Lsun/reflect/generics/visitor/Reifier; 2081 1 2572 0 0
ciMethod sun/reflect/generics/visitor/Reifier getResult ()Ljava/lang/reflect/Type; 3153 1 2572 0 0
ciMethod java/lang/reflect/ParameterizedType getActualTypeArguments ()[Ljava/lang/reflect/Type; 0 0 1 0 -1
ciMethod java/lang/reflect/ParameterizedType getRawType ()Ljava/lang/reflect/Type; 0 0 1 0 -1
ciMethod java/lang/reflect/ParameterizedType getOwnerType ()Ljava/lang/reflect/Type; 0 0 1 0 -1
ciMethod sun/reflect/generics/reflectiveObjects/ParameterizedTypeImpl <init> (Ljava/lang/Class;[Ljava/lang/reflect/Type;Ljava/lang/reflect/Type;)V 681 1 1991 0 0
ciMethod sun/reflect/generics/reflectiveObjects/ParameterizedTypeImpl validateConstructorArguments ()V 2065 2257 1999 0 0
ciMethod sun/reflect/generics/reflectiveObjects/ParameterizedTypeImpl make (Ljava/lang/Class;[Ljava/lang/reflect/Type;Ljava/lang/reflect/Type;)Lsun/reflect/generics/reflectiveObjects/ParameterizedTypeImpl; 681 1 1954 0 0
ciMethod sun/reflect/generics/reflectiveObjects/ParameterizedTypeImpl getActualTypeArguments ()[Ljava/lang/reflect/Type; 2153 1 2544 0 0
ciMethod sun/reflect/generics/reflectiveObjects/ParameterizedTypeImpl getRawType ()Ljava/lang/Class; 1217 1 152 0 0
ciMethod sun/reflect/generics/reflectiveObjects/ParameterizedTypeImpl getOwnerType ()Ljava/lang/reflect/Type; 1033 1 129 0 0
ciMethod sun/reflect/generics/reflectiveObjects/ParameterizedTypeImpl getRawType ()Ljava/lang/reflect/Type; 3145 1 3207 0 0
ciMethod sun/reflect/generics/scope/ClassScope make (Ljava/lang/Class;)Lsun/reflect/generics/scope/ClassScope; 929 1 940 0 -1
ciMethod sun/reflect/generics/tree/ClassSignature getFormalTypeParameters ()[Lsun/reflect/generics/tree/FormalTypeParameter; 1025 1 122 0 0
ciMethod java/lang/reflect/TypeVariable getGenericDeclaration ()Ljava/lang/reflect/GenericDeclaration; 0 0 1 0 -1
ciMethod java/lang/reflect/TypeVariable getName ()Ljava/lang/String; 0 0 1 0 -1
ciMethod sun/reflect/generics/reflectiveObjects/TypeVariableImpl equals (Ljava/lang/Object;)Z 2049 1 192 0 0
ciMethod sun/reflect/generics/reflectiveObjects/TypeVariableImpl hashCode ()I 2161 1 1450 0 0
ciMethod sun/reflect/generics/reflectiveObjects/LazyReflectiveObjectGenerator getFactory ()Lsun/reflect/generics/factory/GenericsFactory; 1025 1 128 0 0
ciMethod sun/reflect/generics/reflectiveObjects/LazyReflectiveObjectGenerator getReifier ()Lsun/reflect/generics/visitor/Reifier; 1201 1 356 0 0
ciMethod java/lang/reflect/WildcardType getUpperBounds ()[Ljava/lang/reflect/Type; 0 0 1 0 -1
ciMethod java/lang/reflect/WildcardType getLowerBounds ()[Ljava/lang/reflect/Type; 0 0 1 0 -1
ciMethodData java/lang/Object equals (Ljava/lang/Object;)Z 2 23300 orig 264 8 206 65 83 0 0 0 0 232 6 244 21 0 0 0 0 136 1 0 0 0 0 0 0 0 0 0 0 0 0 0 0 0 0 0 0 0 0 0 0 0 0 0 0 0 0 0 0 0 0 0 0 0 0 0 0 0 0 0 0 0 0 0 0 0 0 0 0 0 0 0 0 0 0 0 0 0 0 0 0 77 68 79 32 101 120 116 114 97 32 100 97 116 97 32 108 111 99 107 0 0 0 0 0 0 0 0 0 0 0 0 0 0 0 0 0 0 0 0 0 0 0 0 0 0 0 0 0 0 0 0 0 0 0 0 0 0 0 0 0 0 0 0 0 0 0 0 0 0 0 0 0 0 0 0 0 0 0 0 0 0 0 0 0 0 0 0 0 0 0 0 0 0 0 0 0 0 0 0 0 0 0 0 0 0 0 0 0 0 0 0 0 0 0 0 0 0 0 0 0 0 0 0 0 0 0 0 0 0 0 0 0 0 0 0 0 19 1 0 0 137 207 2 0 1 0 0 0 0 0 0 0 0 0 0 0 2 0 0 0 0 0 6 0 2 0 0 0 56 0 0 0 255 255 255 255 7 0 2 0 0 0 0 0 data 7 0x20007 0x3479 0x38 0x2578 0x60003 0x2578 0x18 oops 0
ciMethodData java/lang/ref/WeakReference <init> (Ljava/lang/Object;)V 2 15395 orig 264 8 206 65 83 0 0 0 0 80 142 246 21 0 0 0 0 56 1 0 0 0 0 0 0 0 0 0 0 0 0 0 0 0 0 0 0 0 0 0 0 0 0 0 0 0 0 0 0 0 0 0 0 0 0 0 0 0 0 0 0 0 0 0 0 0 0 0 0 0 0 0 0 0 0 0 0 0 0 0 0 77 68 79 32 101 120 116 114 97 32 100 97 116 97 32 108 111 99 107 0 0 0 0 0 0 0 0 0 0 0 0 0 0 0 0 0 0 0 0 0 0 0 0 0 0 0 0 0 0 0 0 0 0 0 0 0 0 0 0 0 0 0 0 0 0 0 0 0 0 0 0 0 0 0 0 0 0 0 0 0 0 0 0 0 0 0 0 0 0 0 0 0 0 0 0 0 0 0 0 0 0 0 0 0 1 0 0 0 0 0 0 0 0 0 0 0 0 0 0 0 1 0 0 0 0 0 0 0 0 0 0 0 0 0 0 0 4 1 0 0 249 216 1 0 1 0 0 0 0 0 0 0 0 0 0 0 2 0 0 0 0 0 7 0 2 0 0 0 16 0 0 0 255 255 255 255 2 0 2 0 0 0 0 0 data 2 0x20002 0x3b1f oops 0
ciMethodData java/lang/Class getDeclaringClass ()Ljava/lang/Class; 2 3317 orig 264 8 206 65 83 0 0 0 0 160 215 244 21 0 0 0 0 168 1 0 0 0 0 0 0 0 0 0 0 0 0 0 0 0 0 0 0 0 0 0 0 0 0 0 0 0 0 0 0 0 0 0 0 0 0 0 0 0 0 0 0 0 0 0 0 0 0 0 0 0 0 0 0 0 0 0 0 0 0 0 0 77 68 79 32 101 120 116 114 97 32 100 97 116 97 32 108 111 99 107 0 0 0 0 0 0 0 0 0 0 0 0 0 0 0 0 0 0 0 0 0 0 0 0 0 0 0 0 0 0 0 0 0 0 0 0 0 0 0 0 0 0 0 0 0 0 0 0 0 0 0 0 0 0 0 0 0 0 0 0 0 0 0 0 0 0 0 0 0 0 0 0 0 0 0 0 0 0 0 0 0 0 0 0 0 0 0 0 0 0 0 0 0 0 0 0 0 0 0 0 0 0 0 0 0 0 0 0 0 0 0 0 0 0 0 0 0 11 1 0 0 81 95 0 0 1 0 0 0 0 0 0 0 0 0 0 0 2 0 0 0 0 0 9 0 2 0 0 0 96 0 0 0 255 255 255 255 2 0 1 0 0 0 0 0 data 12 0x10002 0xbea 0x60007 0xbba 0x50 0x30 0xa0002 0x30 0xd0002 0x30 0x110002 0x30 oops 0
ciMethodData java/lang/Class checkPackageAccess (Ljava/lang/ClassLoader;Z)V 1 113 orig 264 8 206 65 83 0 0 0 0 24 241 244 21 0 0 0 0 184 3 0 0 160 1 0 0 0 0 0 0 0 0 0 0 0 0 0 0 0 0 0 0 0 0 0 0 0 0 0 0 0 0 0 0 0 0 0 0 0 0 0 0 0 0 0 0 0 0 0 0 0 0 0 0 0 0 0 0 0 0 0 0 77 68 79 32 101 120 116 114 97 32 100 97 116 97 32 108 111 99 107 0 0 0 0 0 0 0 0 0 0 0 0 0 0 0 0 0 0 0 0 0 0 0 0 0 0 0 0 0 0 0 0 0 0 0 0 0 0 0 0 0 0 0 0 0 0 0 0 0 0 0 0 0 0 0 0 0 0 0 0 0 0 0 0 0 0 0 0 0 0 0 0 0 0 0 0 0 0 0 0 0 0 0 0 0 0 0 0 0 0 0 0 0 0 0 0 0 0 0 0 0 0 0 0 0 0 0 0 0 0 0 0 0 0 0 0 0 18 0 0 0 249 2 0 0 1 0 0 0 0 0 0 0 0 0 0 0 2 0 0 0 0 0 0 0 0 0 0 0 96 2 0 0 255 255 255 255 2 0 0 0 0 0 0 0 data 76 0x2 0x5f 0x50007 0x5f 0x250 0x0 0x90005 0x0 0x0 0x0 0x0 0x0 0x110002 0x0 0x140007 0x0 0x160 0x0 0x180005 0x0 0x0 0x0 0x0 0x0 0x210005 0x0 0x0 0x0 0x0 0x0 0x290007 0x0 0xe0 0x0 0x310005 0x0 0x0 0x0 0x0 0x0 0x370002 0x0 0x3a0007 0x0 0x50 0x0 0x3e0002 0x0 0x410007 0x0 0x50 0x0 0x470005 0x0 0x0 0x0 0x0 0x0 0x4b0007 0x0 0x90 0x0 0x4f0002 0x0 0x520007 0x0 0x60 0x0 0x570005 0x0 0x0 0x0 0x0 0x0 0x5a0002 0x0 oops 0
ciMethod com/sun/beans/WeakCache get (Ljava/lang/Object;)Ljava/lang/Object; 217 1 285 0 0
ciMethod com/sun/beans/WeakCache put (Ljava/lang/Object;Ljava/lang/Object;)V 73 1 74 0 0
ciMethod sun/reflect/generics/reflectiveObjects/WildcardTypeImpl getUpperBoundASTs ()[Lsun/reflect/generics/tree/FieldTypeSignature; 905 1 247 0 0
ciMethod sun/reflect/generics/reflectiveObjects/WildcardTypeImpl getLowerBoundASTs ()[Lsun/reflect/generics/tree/FieldTypeSignature; 769 1 249 0 0
ciMethod sun/reflect/generics/reflectiveObjects/WildcardTypeImpl getUpperBounds ()[Ljava/lang/reflect/Type; 2065 905 567 0 0
ciMethod sun/reflect/generics/reflectiveObjects/WildcardTypeImpl getLowerBounds ()[Ljava/lang/reflect/Type; 2057 281 671 0 0
ciMethod java/lang/reflect/GenericArrayType getGenericComponentType ()Ljava/lang/reflect/Type; 0 0 1 0 -1
ciMethodData sun/reflect/generics/visitor/Reifier make (Lsun/reflect/generics/factory/GenericsFactory;)Lsun/reflect/generics/visitor/Reifier; 2 2572 orig 264 8 206 65 83 0 0 0 0 192 135 67 22 0 0 0 0 48 1 0 0 0 0 0 0 0 0 0 0 0 0 0 0 0 0 0 0 0 0 0 0 0 0 0 0 0 0 0 0 0 0 0 0 0 0 0 0 0 0 0 0 0 0 0 0 0 0 0 0 0 0 0 0 0 0 0 0 0 0 0 0 77 68 79 32 101 120 116 114 97 32 100 97 116 97 32 108 111 99 107 0 0 0 0 0 0 0 0 0 0 0 0 0 0 0 0 0 0 0 0 0 0 0 0 0 0 0 0 0 0 0 0 0 0 0 0 0 0 0 0 0 0 0 0 0 0 0 0 0 0 0 0 0 0 0 0 0 0 0 0 0 0 0 0 0 0 0 0 0 0 0 0 0 0 0 0 0 0 0 0 0 0 0 0 0 0 0 0 0 0 0 0 0 0 0 0 0 0 0 0 0 0 0 0 0 0 0 0 0 0 0 0 0 0 0 0 0 4 1 0 0 65 72 0 0 1 0 0 0 0 0 0 0 0 0 0 0 2 0 0 0 0 0 3 0 2 0 0 0 16 0 0 0 255 255 255 255 2 0 5 0 0 0 0 0 data 2 0x50002 0x908 oops 0
ciMethodData sun/reflect/generics/visitor/Reifier <init> (Lsun/reflect/generics/factory/GenericsFactory;)V 2 2572 orig 264 8 206 65 83 0 0 0 0 144 134 67 22 0 0 0 0 56 1 0 0 0 0 0 0 0 0 0 0 0 0 0 0 0 0 0 0 0 0 0 0 0 0 0 0 0 0 0 0 0 0 0 0 0 0 0 0 0 0 0 0 0 0 0 0 0 0 0 0 0 0 0 0 0 0 0 0 0 0 0 0 77 68 79 32 101 120 116 114 97 32 100 97 116 97 32 108 111 99 107 0 0 0 0 0 0 0 0 0 0 0 0 0 0 0 0 0 0 0 0 0 0 0 0 0 0 0 0 0 0 0 0 0 0 0 0 0 0 0 0 0 0 0 0 0 0 0 0 0 0 0 0 0 0 0 0 0 0 0 0 0 0 0 0 0 0 0 0 0 0 0 0 0 0 0 0 0 0 0 0 0 0 0 0 0 0 0 0 0 0 0 0 0 0 0 0 0 0 0 0 0 0 0 0 0 0 0 0 0 0 0 0 0 0 0 0 0 4 1 0 0 65 72 0 0 1 0 0 0 0 0 0 0 0 0 0 0 2 0 0 0 0 0 3 0 2 0 0 0 16 0 0 0 255 255 255 255 2 0 1 0 0 0 0 0 data 2 0x10002 0x908 oops 0
ciMethod com/sun/beans/TypeResolver resolve (Ljava/lang/reflect/Type;Ljava/lang/reflect/Type;)Ljava/lang/reflect/Type; 3161 1 5518 0 0
ciMethod com/sun/beans/TypeResolver resolve (Ljava/lang/reflect/Type;[Ljava/lang/reflect/Type;)[Ljava/lang/reflect/Type; 2369 2353 5280 0 0
ciMethod com/sun/beans/TypeResolver erase (Ljava/lang/reflect/Type;)Ljava/lang/Class; 2081 1 4404 0 -1
ciMethod com/sun/beans/TypeResolver prepare (Ljava/util/Map;Ljava/lang/reflect/Type;)V 1 1 275 0 0
ciMethod com/sun/beans/TypeResolver fixGenericArray (Ljava/lang/reflect/Type;)Ljava/lang/reflect/Type; 0 0 37 0 0
ciMethod com/sun/beans/WildcardTypeImpl <init> ([Ljava/lang/reflect/Type;[Ljava/lang/reflect/Type;)V 97 1 243 0 0
ciMethodData sun/reflect/generics/reflectiveObjects/ParameterizedTypeImpl make (Ljava/lang/Class;[Ljava/lang/reflect/Type;Ljava/lang/reflect/Type;)Lsun/reflect/generics/reflectiveObjects/ParameterizedTypeImpl; 2 1993 orig 264 8 206 65 83 0 0 0 0 104 168 67 22 0 0 0 0 64 1 0 0 0 0 0 0 0 0 0 0 0 0 0 0 0 0 0 0 0 0 0 0 0 0 0 0 0 0 0 0 0 0 0 0 0 0 0 0 0 0 0 0 0 0 0 0 0 0 0 0 0 0 0 0 0 0 0 0 0 0 0 0 77 68 79 32 101 120 116 114 97 32 100 97 116 97 32 108 111 99 107 0 0 0 0 0 0 0 0 0 0 0 0 0 0 0 0 0 0 0 0 0 0 0 0 0 0 0 0 0 0 0 0 0 0 0 0 0 0 0 0 0 0 0 0 0 0 0 0 0 0 0 0 0 0 0 0 0 0 0 0 0 0 0 0 0 0 0 0 0 0 0 0 0 0 0 0 0 0 0 0 0 0 0 0 0 0 0 0 0 0 0 0 0 0 0 0 0 0 0 0 0 0 0 0 0 0 0 0 0 0 0 0 0 0 0 0 0 85 0 0 0 161 59 0 0 1 0 0 0 0 0 0 0 0 0 0 0 2 0 0 0 0 0 0 0 0 0 0 0 16 0 0 0 255 255 255 255 2 0 7 0 0 0 0 0 data 2 0x70002 0x774 oops 0
ciMethodData sun/reflect/generics/reflectiveObjects/ParameterizedTypeImpl <init> (Ljava/lang/Class;[Ljava/lang/reflect/Type;Ljava/lang/reflect/Type;)V 2 1999 orig 264 8 206 65 83 0 0 0 0 8 167 67 22 0 0 0 0 232 1 0 0 72 0 0 0 0 0 0 0 0 0 0 0 0 0 0 0 0 0 0 0 0 0 0 0 0 0 0 0 0 0 0 0 0 0 0 0 0 0 0 0 0 0 0 0 0 0 0 0 0 0 0 0 0 0 0 0 0 0 0 0 77 68 79 32 101 120 116 114 97 32 100 97 116 97 32 108 111 99 107 0 0 0 0 0 0 0 0 0 0 0 0 0 0 0 0 0 0 0 0 0 0 0 0 0 0 0 0 0 0 0 0 0 0 0 0 0 0 0 0 0 0 0 0 0 0 0 0 0 0 0 0 0 0 0 0 0 0 0 0 0 0 0 0 0 0 0 0 0 0 0 0 0 0 0 0 0 0 0 0 0 0 0 0 0 0 0 0 0 0 0 0 0 0 0 0 0 0 0 0 0 0 0 0 0 0 0 0 0 0 0 0 0 0 0 0 0 85 0 0 0 209 59 0 0 1 0 0 0 0 0 0 0 0 0 0 0 2 0 0 0 0 0 12 0 2 0 0 0 136 0 0 0 255 255 255 255 2 0 1 0 0 0 0 0 data 17 0x10002 0x77a 0x100007 0x777 0x38 0x3 0x140003 0x3 0x48 0x180005 0x11d 0x2e7a740 0x65a 0x0 0x0 0x1f0002 0x77a oops 1 11 java/lang/Class
ciMethodData java/lang/reflect/Proxy isProxyClass (Ljava/lang/Class;)Z 2 5403 orig 264 8 206 65 83 0 0 0 0 120 37 35 22 0 0 0 0 0 2 0 0 0 0 0 0 0 0 0 0 0 0 0 0 0 0 0 0 0 0 0 0 0 0 0 0 0 0 0 0 0 0 0 0 0 0 0 0 0 0 0 0 0 0 0 0 0 0 0 0 0 0 0 0 0 0 0 0 0 0 0 0 77 68 79 32 101 120 116 114 97 32 100 97 116 97 32 108 111 99 107 0 0 0 0 0 0 0 0 0 0 0 0 0 0 0 0 0 0 0 0 0 0 0 0 0 0 0 0 0 0 0 0 0 0 0 0 0 0 0 0 0 0 0 0 0 0 0 0 0 0 0 0 0 0 0 0 0 0 0 0 0 0 0 0 0 0 0 0 0 0 0 0 0 0 0 0 0 0 0 0 0 0 0 0 0 0 0 0 0 0 0 0 0 0 0 0 0 0 0 0 0 0 0 0 0 0 0 0 0 0 0 0 0 0 0 0 0 127 1 0 0 225 156 0 0 1 0 0 0 0 0 0 0 0 0 0 0 2 0 0 0 1 0 17 0 2 0 0 0 184 0 0 0 255 255 255 255 5 0 3 0 0 0 0 0 data 23 0x30005 0x29 0x2e7a740 0x1373 0x0 0x0 0x60007 0x139c 0x88 0x0 0xd0005 0x0 0x0 0x0 0x0 0x0 0x100007 0x0 0x38 0x0 0x140003 0x0 0x18 oops 1 2 java/lang/Class
ciMethodData java/lang/Class getGenericInfo ()Lsun/reflect/generics/repository/ClassRepository; 2 5709 orig 264 8 206 65 83 0 0 0 0 192 245 244 21 0 0 0 0 8 2 0 0 120 0 0 0 0 0 0 0 0 0 0 0 0 0 0 0 0 0 0 0 0 0 0 0 0 0 0 0 0 0 0 0 0 0 0 0 0 0 0 0 0 0 0 0 0 0 0 0 0 0 0 0 0 0 0 0 0 0 0 0 77 68 79 32 101 120 116 114 97 32 100 97 116 97 32 108 111 99 107 0 0 0 0 0 0 0 0 0 0 0 0 0 0 0 0 0 0 0 0 0 0 0 0 0 0 0 0 0 0 0 0 0 0 0 0 0 0 0 0 0 0 0 0 0 0 0 0 0 0 0 0 0 0 0 0 0 0 0 0 0 0 0 0 0 0 0 0 0 0 0 0 0 0 0 0 0 0 0 0 0 0 0 0 0 0 0 0 0 0 0 0 0 0 0 0 0 0 0 0 0 0 0 0 0 0 0 0 0 0 0 0 0 0 0 0 0 155 1 0 0 129 165 0 0 1 0 0 0 0 0 0 0 0 0 0 0 2 0 0 0 0 0 12 0 2 0 0 0 192 0 0 0 255 255 255 255 7 0 6 0 0 0 0 0 data 24 0x60007 0x13f7 0x88 0xb9 0xa0002 0xb9 0xf0007 0x71 0x38 0x48 0x160003 0x48 0x38 0x1b0002 0x71 0x1e0002 0x71 0x2b0007 0x7a0 0x38 0xd10 0x2f0003 0xd10 0x18 oops 0
ciMethodData java/lang/Class getFactory ()Lsun/reflect/generics/factory/GenericsFactory; 1 159 orig 264 8 206 65 83 0 0 0 0 248 244 244 21 0 0 0 0 104 1 0 0 0 0 0 0 0 0 0 0 0 0 0 0 0 0 0 0 0 0 0 0 0 0 0 0 0 0 0 0 0 0 0 0 0 0 0 0 0 0 0 0 0 0 0 0 0 0 0 0 0 0 0 0 0 0 0 0 0 0 0 0 77 68 79 32 101 120 116 114 97 32 100 97 116 97 32 108 111 99 107 0 0 0 0 0 0 0 0 0 0 0 0 0 0 0 0 0 0 0 0 0 0 0 0 0 0 0 0 0 0 0 0 0 0 0 0 0 0 0 0 0 0 0 0 0 0 0 0 0 0 0 0 0 0 0 0 0 0 0 0 0 0 0 0 0 0 0 0 0 0 0 0 0 0 0 0 0 0 0 0 0 0 0 0 0 17 0 0 0 0 0 0 0 0 0 0 0 0 0 0 0 0 0 0 0 0 0 0 0 0 0 0 0 0 0 0 0 23 0 0 0 65 4 0 0 1 0 0 0 0 0 0 0 0 0 0 0 2 0 0 0 0 0 0 0 0 0 0 0 32 0 0 0 255 255 255 255 2 0 2 0 0 0 0 0 data 4 0x20002 0x88 0x50002 0x88 oops 0
ciMethodData sun/reflect/generics/repository/ClassRepository make (Ljava/lang/String;Lsun/reflect/generics/factory/GenericsFactory;)Lsun/reflect/generics/repository/ClassRepository; 1 158 orig 264 8 206 65 83 0 0 0 0 224 251 4 22 0 0 0 0 56 1 0 0 0 0 0 0 0 0 0 0 0 0 0 0 0 0 0 0 0 0 0 0 0 0 0 0 0 0 0 0 0 0 0 0 0 0 0 0 0 0 0 0 0 0 0 0 0 0 0 0 0 0 0 0 0 0 0 0 0 0 0 0 77 68 79 32 101 120 116 114 97 32 100 97 116 97 32 108 111 99 107 0 0 0 0 0 0 0 0 0 0 0 0 0 0 0 0 0 0 0 0 0 0 0 0 0 0 0 0 0 0 0 0 0 0 0 0 0 0 0 0 0 0 0 0 0 0 0 0 0 0 0 0 0 0 0 0 0 0 0 0 0 0 0 0 0 0 0 0 0 0 0 0 0 0 0 0 0 0 0 0 0 0 0 0 0 29 0 0 0 0 0 0 0 0 0 0 0 0 0 0 0 0 0 0 0 0 0 0 0 0 0 0 0 0 0 0 0 24 0 0 0 49 4 0 0 1 0 0 0 0 0 0 0 0 0 0 0 2 0 0 0 0 0 0 0 0 0 0 0 16 0 0 0 255 255 255 255 2 0 6 0 0 0 0 0 data 2 0x60002 0x86 oops 0
ciMethodData java/lang/Class getTypeParameters ()[Ljava/lang/reflect/TypeVariable; 2 7859 orig 264 8 206 65 83 0 0 0 0 32 203 244 21 0 0 0 0 8 2 0 0 96 0 0 0 0 0 0 0 0 0 0 0 0 0 0 0 0 0 0 0 0 0 0 0 0 0 0 0 0 0 0 0 0 0 0 0 0 0 0 0 0 0 0 0 0 0 0 0 0 0 0 0 0 0 0 0 0 0 0 0 77 68 79 32 101 120 116 114 97 32 100 97 116 97 32 108 111 99 107 0 0 0 0 0 0 0 0 0 0 0 0 0 0 0 0 0 0 0 0 0 0 0 0 0 0 0 0 0 0 0 0 0 0 0 0 0 0 0 0 0 0 0 0 0 0 0 0 0 0 0 0 0 0 0 0 0 0 0 0 0 0 0 0 0 0 0 0 0 0 0 0 0 0 0 0 0 0 0 0 0 0 0 0 0 0 0 0 0 0 0 0 0 0 0 0 0 0 0 0 0 0 0 0 0 0 0 0 0 0 0 0 0 0 0 0 0 170 1 0 0 73 232 0 0 1 0 0 0 0 0 0 0 0 0 0 0 2 0 0 0 0 0 5 0 2 0 0 0 192 0 0 0 255 255 255 255 2 0 1 0 0 0 0 0 data 24 0x10002 0x1d09 0x60007 0xea9 0x80 0xe60 0xa0005 0x0 0x1fa06730 0xe60 0x0 0x0 0xd0004 0x0 0x1d7e93a0 0x2 0x0 0x0 0x150004 0x0 0x1d7e93a0 0xc 0x0 0x0 oops 3 8 sun/reflect/generics/repository/ClassRepository 14 [Ljava/lang/reflect/TypeVariable; 20 [Ljava/lang/reflect/TypeVariable;
ciMethodData sun/reflect/generics/repository/GenericDeclRepository getTypeParameters ()[Ljava/lang/reflect/TypeVariable; 2 4943 orig 264 8 206 65 83 0 0 0 0 232 2 5 22 0 0 0 0 128 3 0 0 128 0 0 0 0 0 0 0 0 0 0 0 0 0 0 0 0 0 0 0 0 0 0 0 0 0 0 0 0 0 0 0 0 0 0 0 0 0 0 0 0 0 0 0 0 0 0 0 0 0 0 0 0 0 0 0 0 0 0 0 77 68 79 32 101 120 116 114 97 32 100 97 116 97 32 108 111 99 107 0 0 0 0 0 0 0 0 0 0 0 0 0 0 0 0 0 0 0 0 0 0 0 0 0 0 0 0 0 0 0 0 0 0 0 0 0 0 0 0 0 0 0 0 0 0 0 0 0 0 0 0 0 0 0 0 0 0 0 0 0 0 0 0 0 0 0 0 0 0 0 0 0 0 0 0 0 0 0 0 0 0 0 0 0 0 0 0 0 0 0 0 0 0 0 0 0 0 0 0 0 0 0 0 0 0 0 0 0 0 0 0 0 0 0 0 0 156 0 0 0 153 149 0 0 89 3 0 0 0 0 0 0 0 0 0 0 2 0 0 0 1 0 11 0 2 0 0 0 56 2 0 0 255 255 255 255 7 0 6 0 0 0 0 0 data 71 0x60007 0x10b7 0x1d8 0x1fc 0xa0005 0x17 0x18e50510 0x17f 0x1fa06730 0x66 0xd0004 0x0 0x18e505c0 0x196 0x18e50670 0x66 0x100005 0x0 0x18e505c0 0x196 0x18e50670 0x66 0x210007 0x1fc 0x128 0x6b 0x250005 0x0 0x18e50510 0x14 0x1fa06730 0x57 0x2f0005 0x0 0x18e4ee50 0x6b 0x0 0x0 0x360005 0x0 0x18e4f670 0x6b 0x0 0x0 0x390004 0x0 0x1b929600 0x6b 0x0 0x0 0x3c0004 0x0 0x1b929600 0x6b 0x0 0x0 0x400003 0x6b 0xfffffffffffffef0 0x490005 0x0 0x1d7e93a0 0x12b3 0x0 0x0 0x4c0004 0x0 0x1d7e93a0 0x12b3 0x0 0x0 oops 14 6 sun/reflect/generics/repository/MethodRepository 8 sun/reflect/generics/repository/ClassRepository 12 sun/reflect/generics/tree/MethodTypeSignature 14 sun/reflect/generics/tree/ClassSignature 18 sun/reflect/generics/tree/MethodTypeSignature 20 sun/reflect/generics/tree/ClassSignature 28 sun/reflect/generics/repository/MethodRepository 30 sun/reflect/generics/repository/ClassRepository 34 sun/reflect/generics/tree/FormalTypeParameter 40 sun/reflect/generics/visitor/Reifier 46 sun/reflect/generics/reflectiveObjects/TypeVariableImpl 52 sun/reflect/generics/reflectiveObjects/TypeVariableImpl 61 [Ljava/lang/reflect/TypeVariable; 67 [Ljava/lang/reflect/TypeVariable;
ciMethodData com/sun/beans/TypeResolver resolve (Ljava/lang/reflect/Type;Ljava/lang/reflect/Type;)Ljava/lang/reflect/Type; 2 5524 orig 264 8 206 65 83 0 0 0 0 88 17 241 30 0 0 0 0 192 8 0 0 80 6 0 0 0 0 0 0 0 0 0 0 0 0 0 0 0 0 0 0 0 0 0 0 0 0 0 0 0 0 0 0 0 0 0 0 0 0 0 0 0 0 0 0 0 0 0 0 0 0 0 0 0 0 0 0 0 0 0 0 77 68 79 32 101 120 116 114 97 32 100 97 116 97 32 108 111 99 107 0 0 0 0 0 0 0 0 0 0 0 0 0 0 0 0 0 0 0 0 0 0 0 0 0 0 0 0 0 0 0 0 0 0 0 0 0 0 0 0 0 0 0 0 0 0 0 0 0 0 0 0 0 0 0 0 0 0 0 0 0 0 0 0 0 0 0 0 0 0 0 0 0 0 0 0 0 0 0 0 0 0 0 0 0 0 0 0 0 0 0 0 0 0 0 0 0 0 0 0 0 0 0 0 0 0 0 0 0 0 0 0 0 0 0 0 0 136 1 0 0 65 160 0 0 1 0 0 0 0 0 0 0 0 0 0 0 2 0 0 0 0 0 34 0 2 0 0 0 112 7 0 0 255 255 255 255 4 0 1 0 0 0 0 0 data 238 0x10004 0xfffffffffffffba5 0x2e7a740 0xfad 0x1b929550 0x3 0x40007 0x45b 0x20 0xfad 0xa0004 0xfffffffffffffba6 0x1b929550 0x3 0x1b929600 0x1 0xd0007 0x45a 0x178 0x1 0x110004 0x0 0x1b9296b0 0x1 0x0 0x0 0x140005 0x0 0x1b9296b0 0x1 0x0 0x0 0x1c0002 0x1 0x210004 0xffffffffffffffff 0x0 0x0 0x0 0x0 0x240007 0x1 0xa8 0x0 0x280004 0x0 0x0 0x0 0x0 0x0 0x2c0002 0x0 0x2f0005 0x0 0x0 0x0 0x0 0x0 0x320003 0x0 0x28 0x360002 0x1 0x3b0004 0xfffffffffffffeb3 0x1b929550 0x30d 0x1b929600 0x1 0x3e0007 0x14d 0x130 0x30d 0x420004 0x0 0x1b929550 0x30d 0x0 0x0 0x480005 0x0 0x1b929550 0x30d 0x0 0x0 0x4d0002 0x30d 0x520005 0x0 0x1b929550 0x30d 0x0 0x0 0x570004 0x0 0x2e7a740 0x30d 0x0 0x0 0x5c0005 0x0 0x1b929550 0x30d 0x0 0x0 0x610002 0x30d 0x660004 0xffffffffffffff9a 0x1b929600 0x1 0x1b929760 0xe7 0x690007 0x66 0xe0 0xe7 0x6d0004 0x0 0x1b929760 0xe7 0x0 0x0 0x730005 0x0 0x1b929760 0xe7 0x0 0x0 0x780002 0xe7 0x7e0005 0x0 0x1b929760 0xe7 0x0 0x0 0x830002 0xe7 0x8f0002 0xe7 0x940004 0x0 0x1b929600 0x66 0x0 0x0 0x970007 0x0 0x1f8 0x66 0xa40005 0x1 0x1b929810 0x65 0x0 0x0 0xa70104 0x0 0x1b9298c0 0x59 0x0 0x0 0xac0007 0x59 0x70 0xd 0xb30002 0xd 0xb90002 0xd 0xc10005 0x1 0x1b929810 0xc 0x0 0x0 0xc60003 0x66 0x18 0xd20005 0x0 0x1b9298c0 0x66 0x0 0x0 0xd70104 0x0 0x1b929600 0x3f 0x2e7a740 0xc 0xdc0007 0x1b 0x70 0x4b 0xe10005 0x0 0x1b929600 0x3f 0x2e7a740 0xc 0xe40007 0x25 0x20 0x26 0xea0002 0x25 0xf00002 0x25 0xfc0002 0x0 0x1010005 0x0 0x0 0x0 0x0 0x0 0x1050005 0x0 0x0 0x0 0x0 0x0 0x1080005 0x0 0x0 0x0 0x0 0x0 0x10b0005 0x0 0x0 0x0 0x0 0x0 0x10e0002 0x0 oops 27 2 java/lang/Class 4 sun/reflect/generics/reflectiveObjects/ParameterizedTypeImpl 12 sun/reflect/generics/reflectiveObjects/ParameterizedTypeImpl 14 sun/reflect/generics/reflectiveObjects/TypeVariableImpl 22 sun/reflect/generics/reflectiveObjects/GenericArrayTypeImpl 28 sun/reflect/generics/reflectiveObjects/GenericArrayTypeImpl 65 sun/reflect/generics/reflectiveObjects/ParameterizedTypeImpl 67 sun/reflect/generics/reflectiveObjects/TypeVariableImpl 75 sun/reflect/generics/reflectiveObjects/ParameterizedTypeImpl 81 sun/reflect/generics/reflectiveObjects/ParameterizedTypeImpl 89 sun/reflect/generics/reflectiveObjects/ParameterizedTypeImpl 95 java/lang/Class 101 sun/reflect/generics/reflectiveObjects/ParameterizedTypeImpl 109 sun/reflect/generics/reflectiveObjects/TypeVariableImpl 111 sun/reflect/generics/reflectiveObjects/WildcardTypeImpl 119 sun/reflect/generics/reflectiveObjects/WildcardTypeImpl 125 sun/reflect/generics/reflectiveObjects/WildcardTypeImpl 133 sun/reflect/generics/reflectiveObjects/WildcardTypeImpl 143 sun/reflect/generics/reflectiveObjects/TypeVariableImpl 153 com/sun/beans/WeakCache 159 java/util/HashMap 173 com/sun/beans/WeakCache 182 java/util/HashMap 188 sun/reflect/generics/reflectiveObjects/TypeVariableImpl 190 java/lang/Class 198 sun/reflect/generics/reflectiveObjects/TypeVariableImpl 200 java/lang/Class
ciMethodData com/sun/beans/TypeResolver resolve (Ljava/lang/reflect/Type;[Ljava/lang/reflect/Type;)[Ljava/lang/reflect/Type; 2 5280 orig 264 8 206 65 83 0 0 0 0 24 18 241 30 0 0 0 0 200 1 0 0 0 0 0 0 0 0 0 0 0 0 0 0 0 0 0 0 0 0 0 0 0 0 0 0 0 0 0 0 0 0 0 0 0 0 0 0 0 0 0 0 0 0 0 0 0 0 0 0 0 0 0 0 0 0 0 0 0 0 0 0 77 68 79 32 101 120 116 114 97 32 100 97 116 97 32 108 111 99 107 0 0 0 0 0 0 0 0 0 0 0 0 0 0 0 0 0 0 0 0 0 0 0 0 0 0 0 0 0 0 0 0 0 0 0 0 0 0 0 0 0 0 0 0 0 0 0 0 0 0 0 0 0 0 0 0 0 0 0 0 0 0 0 0 0 0 0 0 0 0 0 0 0 0 0 0 0 0 0 0 0 0 0 0 0 0 0 0 0 0 0 0 0 0 0 0 0 0 0 0 0 0 0 0 0 0 0 0 0 0 0 0 0 0 0 0 0 40 1 0 0 193 155 0 0 25 77 0 0 0 0 0 0 0 0 0 0 2 0 0 0 1 0 6 0 2 0 0 0 120 0 0 0 255 255 255 255 7 0 14 0 0 0 0 0 data 15 0xe0007 0x1378 0x78 0x9a3 0x190002 0x9a3 0x1c0004 0x0 0x2e7a740 0x771 0x1b929600 0x40 0x200003 0x9a3 0xffffffffffffffa0 oops 2 8 java/lang/Class 10 sun/reflect/generics/reflectiveObjects/TypeVariableImpl
ciMethodData com/sun/beans/WildcardTypeImpl <init> ([Ljava/lang/reflect/Type;[Ljava/lang/reflect/Type;)V 1 255 orig 264 8 206 65 83 0 0 0 0 8 38 241 30 0 0 0 0 64 1 0 0 0 0 0 0 0 0 0 0 0 0 0 0 0 0 0 0 0 0 0 0 0 0 0 0 0 0 0 0 0 0 0 0 0 0 0 0 0 0 0 0 0 0 0 0 0 0 0 0 0 0 0 0 0 0 0 0 0 0 0 0 77 68 79 32 101 120 116 114 97 32 100 97 116 97 32 108 111 99 107 0 0 0 0 0 0 0 0 0 0 0 0 0 0 0 0 0 0 0 0 0 0 0 0 0 0 0 0 0 0 0 0 0 0 0 0 0 0 0 0 0 0 0 0 0 0 0 0 0 0 0 0 0 0 0 0 0 0 0 0 0 0 0 0 0 0 0 0 0 0 0 0 0 0 0 0 0 0 0 0 0 0 0 0 0 0 0 0 0 0 0 0 0 0 0 0 0 0 0 0 0 0 0 0 0 0 0 0 0 0 0 0 0 0 0 0 0 12 0 0 0 153 7 0 0 1 0 0 0 0 0 0 0 0 0 0 0 2 0 0 0 0 0 0 0 0 0 0 0 16 0 0 0 255 255 255 255 2 0 1 0 0 0 0 0 data 2 0x10002 0xf3 oops 0
ciMethodData com/sun/beans/WeakCache get (Ljava/lang/Object;)Ljava/lang/Object; 1 325 orig 264 8 206 65 83 0 0 0 0 248 207 83 27 0 0 0 0 80 2 0 0 96 0 0 0 0 0 0 0 0 0 0 0 0 0 0 0 0 0 0 0 0 0 0 0 0 0 0 0 0 0 0 0 0 0 0 0 0 0 0 0 0 0 0 0 0 0 0 0 0 0 0 0 0 0 0 0 0 0 0 0 77 68 79 32 101 120 116 114 97 32 100 97 116 97 32 108 111 99 107 0 0 0 0 0 0 0 0 0 0 0 0 0 0 0 0 0 0 0 0 0 0 0 0 0 0 0 0 0 0 0 0 0 0 0 0 0 0 0 0 0 0 0 0 0 0 0 0 0 0 0 0 0 0 0 0 0 0 0 0 0 0 0 0 0 0 0 0 0 0 0 0 0 0 0 0 0 0 0 0 0 0 0 0 0 0 0 0 0 0 0 0 0 0 0 0 0 0 0 0 0 0 0 0 0 0 0 0 0 0 0 0 0 0 0 0 0 27 0 0 0 81 9 0 0 1 0 0 0 0 0 0 0 0 0 0 0 2 0 0 0 0 0 8 0 2 0 0 0 0 1 0 0 255 255 255 255 5 0 5 0 0 0 0 0 data 32 0x50005 0x0 0x1d0512a0 0x12a 0x0 0x0 0xa0104 0x0 0x2e7b600 0xe3 0x0 0x0 0xf0007 0xe3 0x20 0x47 0x150005 0x0 0x2e7b600 0xe3 0x0 0x0 0x1a0007 0xe3 0x50 0x0 0x220005 0x0 0x0 0x0 0x0 0x0 oops 3 2 java/util/WeakHashMap 8 java/lang/ref/WeakReference 18 java/lang/ref/WeakReference
ciMethodData com/sun/beans/TypeResolver prepare (Ljava/util/Map;Ljava/lang/reflect/Type;)V 1 610 orig 264 8 206 65 83 0 0 0 0 184 21 241 30 0 0 0 0 56 7 0 0 80 4 0 0 0 0 0 0 0 0 0 0 0 0 0 0 0 0 0 0 0 0 0 0 0 0 0 0 0 0 0 0 0 0 0 0 0 0 0 0 0 0 0 0 0 0 0 0 0 0 0 0 0 0 0 0 0 0 0 0 77 68 79 32 101 120 116 114 97 32 100 97 116 97 32 108 111 99 107 0 0 0 0 0 0 0 0 0 0 0 0 0 0 0 0 0 0 0 0 0 0 0 0 0 0 0 0 0 0 0 0 0 0 0 0 0 0 0 0 0 0 0 0 0 0 0 0 0 0 0 0 0 0 0 0 0 0 0 0 0 0 0 0 0 0 0 0 0 0 0 0 0 0 0 0 0 0 0 0 0 0 0 0 0 0 0 0 0 0 0 0 0 0 0 0 0 0 0 0 0 0 0 0 0 0 0 0 0 0 0 0 0 0 0 0 0 0 0 0 0 113 12 0 0 17 19 0 0 0 0 0 0 0 0 0 0 2 0 0 0 3 0 39 0 2 0 0 0 232 5 0 0 255 255 255 255 4 0 1 0 0 0 0 0 data 189 0x10004 0xfffffffffffffeed 0x2e7a740 0x7b 0x1b929550 0xb3 0x40007 0x113 0x38 0x7b 0x80003 0x7b 0x78 0xc0004 0x0 0x1b929550 0x113 0x0 0x0 0xf0005 0x0 0x1b929550 0x113 0x0 0x0 0x140004 0x0 0x2e7a740 0x18e 0x0 0x0 0x170004 0x0 0x2e7a740 0x114 0x0 0x0 0x1c0005 0x114 0x2e7a740 0x7a 0x0 0x0 0x210004 0xfffffffffffffeed 0x2e7a740 0x7b 0x1b929550 0xb3 0x240007 0x113 0x38 0x7b 0x280003 0x7b 0x78 0x2c0004 0x0 0x1b929550 0x113 0x0 0x0 0x2f0005 0x0 0x1b929550 0x113 0x0 0x0 0x390007 0x18e 0x50 0x0 0x410007 0x0 0x30 0x0 0x480002 0x0 0x530007 0x18e 0x68 0x114 0x600005 0x0 0x1b9298c0 0x114 0x0 0x0 0x690003 0x114 0xffffffffffffffb0 0x6d0005 0x114 0x2e7a740 0x7a 0x0 0x0 0x740007 0x151 0x30 0x3d 0x7a0002 0x3d 0x7e0005 0x114 0x2e7a740 0x7a 0x0 0x0 0x8f0007 0x18e 0x48 0x141 0x9c0002 0x141 0xa20003 0x141 0xffffffffffffffd0 0xa60004 0xfffffffffffffeed 0x2e7a740 0x7b 0x1b929550 0xb3 0xa90007 0x113 0x208 0x7b 0xae0007 0x7a 0x1e8 0x1 0xb20005 0x0 0x1b9298c0 0x1 0x0 0x0 0xb70005 0x0 0x1f60b0c0 0x1 0x0 0x0 0xc00005 0x0 0x1f60b170 0xf 0x0 0x0 0xc50007 0x1 0x138 0xe 0xca0005 0x0 0x1f60b170 0xe 0x0 0x0 0xcf0004 0x0 0x1cce0960 0xe 0x0 0x0 0xd80005 0x0 0x1cce0960 0xe 0x0 0x0 0xdd0004 0x0 0x1b929600 0xd 0x1b929550 0x1 0xe00002 0xe 0xe30005 0x0 0x1cce0960 0xe 0x0 0x0 0xe90003 0xe 0xfffffffffffffeb0 oops 25 2 java/lang/Class 4 sun/reflect/generics/reflectiveObjects/ParameterizedTypeImpl 15 sun/reflect/generics/reflectiveObjects/ParameterizedTypeImpl 21 sun/reflect/generics/reflectiveObjects/ParameterizedTypeImpl 27 java/lang/Class 33 java/lang/Class 39 java/lang/Class 45 java/lang/Class 47 sun/reflect/generics/reflectiveObjects/ParameterizedTypeImpl 58 sun/reflect/generics/reflectiveObjects/ParameterizedTypeImpl 64 sun/reflect/generics/reflectiveObjects/ParameterizedTypeImpl 84 java/util/HashMap 93 java/lang/Class 105 java/lang/Class 120 java/lang/Class 122 sun/reflect/generics/reflectiveObjects/ParameterizedTypeImpl 134 java/util/HashMap 140 java/util/HashMap$EntrySet 146 java/util/HashMap$EntryIterator 156 java/util/HashMap$EntryIterator 162 java/util/HashMap$Node 168 java/util/HashMap$Node 174 sun/reflect/generics/reflectiveObjects/TypeVariableImpl 176 sun/reflect/generics/reflectiveObjects/ParameterizedTypeImpl 182 java/util/HashMap$Node
ciMethodData com/sun/beans/WeakCache put (Ljava/lang/Object;Ljava/lang/Object;)V 1 86 orig 264 8 206 65 83 0 0 0 0 176 208 83 27 0 0 0 0 0 2 0 0 96 0 0 0 0 0 0 0 0 0 0 0 0 0 0 0 0 0 0 0 0 0 0 0 0 0 0 0 0 0 0 0 0 0 0 0 0 0 0 0 0 0 0 0 0 0 0 0 0 0 0 0 0 0 0 0 0 0 0 0 77 68 79 32 101 120 116 114 97 32 100 97 116 97 32 108 111 99 107 0 0 0 0 0 0 0 0 0 0 0 0 0 0 0 0 0 0 0 0 0 0 0 0 0 0 0 0 0 0 0 0 0 0 0 0 0 0 0 0 0 0 0 0 0 0 0 0 0 0 0 0 0 0 0 0 0 0 0 0 0 0 0 0 0 0 0 0 0 0 0 0 0 0 0 0 0 0 0 0 0 0 0 0 0 0 0 0 0 0 0 0 0 0 0 0 0 0 0 0 0 0 0 0 0 0 0 0 0 0 0 0 0 0 0 0 0 9 0 0 0 105 2 0 0 1 0 0 0 0 0 0 0 0 0 0 0 2 0 0 0 0 0 0 0 0 0 0 0 168 0 0 0 255 255 255 255 7 0 1 0 0 0 0 0 data 21 0x10007 0x0 0x78 0x4d 0xe0002 0x4d 0x110005 0x0 0x1d0512a0 0x4d 0x0 0x0 0x170003 0x4d 0x48 0x1f0005 0x0 0x0 0x0 0x0 0x0 oops 1 8 java/util/WeakHashMap
ciMethodData com/sun/beans/TypeResolver fixGenericArray (Ljava/lang/reflect/Type;)Ljava/lang/reflect/Type; 1 60 orig 264 8 206 65 83 0 0 0 0 120 22 241 30 0 0 0 0 200 2 0 0 0 0 0 0 0 0 0 0 0 0 0 0 0 0 0 0 0 0 0 0 0 0 0 0 0 0 0 0 0 0 0 0 0 0 0 0 0 0 0 0 0 0 0 0 0 0 0 0 0 0 0 0 0 0 0 0 0 0 0 0 77 68 79 32 101 120 116 114 97 32 100 97 116 97 32 108 111 99 107 0 0 0 0 0 0 0 0 0 0 0 0 0 0 0 0 0 0 0 0 0 0 0 0 0 0 0 0 0 0 0 0 0 0 0 0 0 0 0 0 0 0 0 0 0 0 0 0 0 0 0 0 0 0 0 0 0 0 0 0 0 0 0 0 0 0 0 0 0 0 0 0 0 0 0 0 0 0 0 0 0 0 0 0 0 0 0 0 0 0 0 0 0 0 0 0 0 0 0 0 0 0 0 0 0 0 0 0 0 0 0 0 0 0 0 0 0 0 0 0 0 225 1 0 0 1 0 0 0 0 0 0 0 0 0 0 0 2 0 0 0 0 0 0 0 0 0 0 0 128 1 0 0 255 255 255 255 4 0 1 0 0 0 0 0 data 48 0x10004 0xffffffffffffffc4 0x1b929600 0x2a 0x2e7a740 0x12 0x40007 0x3c 0x150 0x0 0x80004 0x0 0x0 0x0 0x0 0x0 0xb0005 0x0 0x0 0x0 0x0 0x0 0x120002 0x0 0x170004 0x0 0x0 0x0 0x0 0x0 0x1a0007 0x0 0x90 0x0 0x1e0004 0x0 0x0 0x0 0x0 0x0 0x220002 0x0 0x250005 0x0 0x0 0x0 0x0 0x0 oops 2 2 sun/reflect/generics/reflectiveObjects/TypeVariableImpl 4 java/lang/Class
ciMethodData sun/reflect/generics/visitor/Reifier getResult ()Ljava/lang/reflect/Type; 2 2572 orig 264 8 206 65 83 0 0 0 0 40 137 67 22 0 0 0 0 112 1 0 0 0 0 0 0 0 0 0 0 0 0 0 0 0 0 0 0 0 0 0 0 0 0 0 0 0 0 0 0 0 0 0 0 0 0 0 0 0 0 0 0 0 0 0 0 0 0 0 0 0 0 0 0 0 0 0 0 0 0 0 0 77 68 79 32 101 120 116 114 97 32 100 97 116 97 32 108 111 99 107 0 0 0 0 0 0 0 0 0 0 0 0 0 0 0 0 0 0 0 0 0 0 0 0 0 0 0 0 0 0 0 0 0 0 0 0 0 0 0 0 0 0 0 0 0 0 0 0 0 0 0 0 0 0 0 0 0 0 0 0 0 0 0 0 0 0 0 0 0 0 0 0 0 0 0 0 0 0 0 0 0 0 0 0 0 0 0 0 0 0 0 0 0 0 0 0 0 0 0 0 0 0 0 0 0 0 0 0 0 0 0 0 0 0 0 0 0 138 1 0 0 17 68 0 0 1 0 0 0 0 0 0 0 0 0 0 0 2 0 0 0 0 0 4 0 2 0 0 0 80 0 0 0 255 255 255 255 7 0 3 0 0 0 0 0 data 10 0x30007 0x882 0x50 0x0 0xa0007 0x0 0x30 0x0 0x110002 0x0 oops 0
ciMethodData sun/reflect/generics/repository/AbstractRepository getReifier ()Lsun/reflect/generics/visitor/Reifier; 2 1589 orig 264 8 206 65 83 0 0 0 0 240 6 5 22 0 0 0 0 104 1 0 0 0 0 0 0 0 0 0 0 0 0 0 0 0 0 0 0 0 0 0 0 0 0 0 0 0 0 0 0 0 0 0 0 0 0 0 0 0 0 0 0 0 0 0 0 0 0 0 0 0 0 0 0 0 0 0 0 0 0 0 0 77 68 79 32 101 120 116 114 97 32 100 97 116 97 32 108 111 99 107 0 0 0 0 0 0 0 0 0 0 0 0 0 0 0 0 0 0 0 0 0 0 0 0 0 0 0 0 0 0 0 0 0 0 0 0 0 0 0 0 0 0 0 0 0 0 0 0 0 0 0 0 0 0 0 0 0 0 0 0 0 0 0 0 0 0 0 0 0 0 0 0 0 0 0 0 0 0 0 0 0 0 0 0 0 0 0 0 0 0 0 0 0 0 0 0 0 0 0 0 0 0 0 0 0 0 0 0 0 0 0 0 0 0 0 0 0 56 1 0 0 233 39 0 0 1 0 0 0 0 0 0 0 0 0 0 0 2 0 0 0 0 0 3 0 2 0 0 0 32 0 0 0 255 255 255 255 2 0 1 0 0 0 0 0 data 4 0x10002 0x4fd 0x40002 0x4fd oops 0
ciMethodData sun/reflect/generics/tree/FormalTypeParameter accept (Lsun/reflect/generics/visitor/TypeTreeVisitor;)V 1 130 orig 264 8 206 65 83 0 0 0 0 120 72 67 22 0 0 0 0 128 1 0 0 0 0 0 0 0 0 0 0 0 0 0 0 0 0 0 0 0 0 0 0 0 0 0 0 0 0 0 0 0 0 0 0 0 0 0 0 0 0 0 0 0 0 0 0 0 0 0 0 0 0 0 0 0 0 0 0 0 0 0 0 77 68 79 32 101 120 116 114 97 32 100 97 116 97 32 108 111 99 107 0 0 0 0 0 0 0 0 0 0 0 0 0 0 0 0 0 0 0 0 0 0 0 0 0 0 0 0 0 0 0 0 0 0 0 0 0 0 0 0 0 0 0 0 0 0 0 0 0 0 0 0 0 0 0 0 0 0 0 0 0 0 0 0 0 0 0 0 0 0 0 0 0 0 0 0 0 0 0 0 0 0 0 0 0 17 0 0 0 0 0 0 0 0 0 0 0 0 0 0 0 0 0 0 0 0 0 0 0 0 0 0 0 0 0 0 0 33 0 0 0 9 3 0 0 1 0 0 0 0 0 0 0 0 0 0 0 2 0 0 0 0 0 0 0 0 0 0 0 48 0 0 0 255 255 255 255 5 0 2 0 0 0 0 0 data 6 0x20005 0x0 0x18e4f670 0x61 0x0 0x0 oops 1 2 sun/reflect/generics/visitor/Reifier
ciMethodData sun/reflect/generics/reflectiveObjects/ParameterizedTypeImpl getActualTypeArguments ()[Ljava/lang/reflect/Type; 2 2544 orig 264 8 206 65 83 0 0 0 0 0 169 67 22 0 0 0 0 168 1 0 0 0 0 0 0 0 0 0 0 0 0 0 0 0 0 0 0 0 0 0 0 0 0 0 0 0 0 0 0 0 0 0 0 0 0 0 0 0 0 0 0 0 0 0 0 0 0 0 0 0 0 0 0 0 0 0 0 0 0 0 0 77 68 79 32 101 120 116 114 97 32 100 97 116 97 32 108 111 99 107 0 0 0 0 0 0 0 0 0 0 0 0 0 0 0 0 0 0 0 0 0 0 0 0 0 0 0 0 0 0 0 0 0 0 0 0 0 0 0 0 0 0 0 0 0 0 0 0 0 0 0 0 0 0 0 0 0 0 0 0 0 0 0 0 0 0 0 0 0 0 0 0 0 0 0 0 0 0 0 0 0 0 0 0 0 0 0 0 0 0 0 0 0 0 0 0 0 0 0 0 0 0 0 0 0 0 0 0 0 0 0 0 0 0 0 0 0 13 1 0 0 25 71 0 0 1 0 0 0 0 0 0 0 0 0 0 0 2 0 0 0 0 0 3 0 2 0 0 0 96 0 0 0 255 255 255 255 5 0 4 0 0 0 0 0 data 12 0x40005 0x0 0x1b92f0f0 0x8a8 0x1d7e93a0 0x3b 0x70004 0x0 0x1b92f0f0 0x8a8 0x1d7e93a0 0x3b oops 4 2 [Ljava/lang/reflect/Type; 4 [Ljava/lang/reflect/TypeVariable; 8 [Ljava/lang/reflect/Type; 10 [Ljava/lang/reflect/TypeVariable;
ciMethodData sun/reflect/misc/ReflectUtil needsPackageAccessCheck (Ljava/lang/ClassLoader;Ljava/lang/ClassLoader;)Z 1 0 orig 264 8 206 65 83 0 0 0 0 64 169 5 22 0 0 0 0 248 1 0 0 64 0 0 0 0 0 0 0 0 0 0 0 0 0 0 0 0 0 0 0 0 0 0 0 0 0 0 0 0 0 0 0 0 0 0 0 0 0 0 0 0 0 0 0 0 0 0 0 0 0 0 0 0 0 0 0 0 0 0 0 77 68 79 32 101 120 116 114 97 32 100 97 116 97 32 108 111 99 107 0 0 0 0 0 0 0 0 0 0 0 0 0 0 0 0 0 0 0 0 0 0 0 0 0 0 0 0 0 0 0 0 0 0 0 0 0 0 0 0 0 0 0 0 0 0 0 0 0 0 0 0 0 0 0 0 0 0 0 0 0 0 0 0 0 0 0 0 0 0 0 0 0 0 0 0 0 0 0 0 0 0 0 0 0 0 0 0 0 0 0 0 0 0 0 0 0 0 0 0 0 0 0 0 0 0 0 0 0 0 0 0 0 0 0 0 0 0 0 0 0 1 0 0 0 1 0 0 0 0 0 0 0 0 0 0 0 2 0 0 0 0 0 0 0 0 0 0 0 168 0 0 0 255 255 255 255 7 0 1 0 0 0 0 0 data 21 0x10007 0x0 0x40 0x0 0x60007 0x0 0x20 0x0 0xc0007 0x0 0x20 0x0 0x130002 0x0 0x160007 0x0 0x38 0x0 0x1a0003 0x0 0x18 oops 0
ciMethodData sun/reflect/misc/ReflectUtil isAncestor (Ljava/lang/ClassLoader;Ljava/lang/ClassLoader;)Z 1 0 orig 264 8 206 65 83 0 0 0 0 144 168 5 22 0 0 0 0 192 1 0 0 48 0 0 0 0 0 0 0 0 0 0 0 0 0 0 0 0 0 0 0 0 0 0 0 0 0 0 0 0 0 0 0 0 0 0 0 0 0 0 0 0 0 0 0 0 0 0 0 0 0 0 0 0 0 0 0 0 0 0 0 77 68 79 32 101 120 116 114 97 32 100 97 116 97 32 108 111 99 107 0 0 0 0 0 0 0 0 0 0 0 0 0 0 0 0 0 0 0 0 0 0 0 0 0 0 0 0 0 0 0 0 0 0 0 0 0 0 0 0 0 0 0 0 0 0 0 0 0 0 0 0 0 0 0 0 0 0 0 0 0 0 0 0 0 0 0 0 0 0 0 0 0 0 0 0 0 0 0 0 0 0 0 0 0 0 0 0 0 0 0 0 0 0 0 0 0 0 0 0 0 0 0 0 0 0 0 0 0 0 0 0 0 0 0 0 0 0 0 0 0 1 0 0 0 1 0 0 0 0 0 0 0 0 0 0 0 2 0 0 0 0 0 0 0 0 0 0 0 112 0 0 0 255 255 255 255 5 0 3 0 0 0 0 0 data 14 0x30005 0x0 0x0 0x0 0x0 0x0 0x90007 0x0 0x20 0x0 0xf0007 0x0 0xffffffffffffffb0 0x0 oops 0
ciMethodData java/lang/ClassLoader getParent ()Ljava/lang/ClassLoader; 1 62 orig 264 8 206 65 83 0 0 0 0 120 102 245 21 0 0 0 0 184 1 0 0 32 0 0 0 0 0 0 0 0 0 0 0 0 0 0 0 0 0 0 0 0 0 0 0 0 0 0 0 0 0 0 0 0 0 0 0 0 0 0 0 0 0 0 0 0 0 0 0 0 0 0 0 0 0 0 0 0 0 0 0 77 68 79 32 101 120 116 114 97 32 100 97 116 97 32 108 111 99 107 0 0 0 0 0 0 0 0 0 0 0 0 0 0 0 0 0 0 0 0 0 0 0 0 0 0 0 0 0 0 0 0 0 0 0 0 0 0 0 0 0 0 0 0 0 0 0 0 0 0 0 0 0 0 0 0 0 0 0 0 0 0 0 0 0 0 0 0 0 0 0 0 0 0 0 0 0 0 0 0 0 0 0 0 0 0 0 0 0 0 0 0 0 0 0 0 0 0 0 0 0 0 0 0 0 0 0 0 0 0 0 0 0 0 0 0 0 28 0 0 0 17 1 0 0 1 0 0 0 0 0 0 0 0 0 0 0 2 0 0 0 0 0 0 0 0 0 0 0 112 0 0 0 255 255 255 255 7 0 4 0 0 0 0 0 data 14 0x40007 0x1b 0x20 0x7 0x90002 0x1b 0xe0007 0x1b 0x40 0x0 0x150002 0x0 0x180002 0x0 oops 0
ciMethodData sun/reflect/generics/reflectiveObjects/ParameterizedTypeImpl validateConstructorArguments ()V 2 2184 orig 264 8 206 65 83 0 0 0 0 200 167 67 22 0 0 0 0 224 1 0 0 80 0 0 0 0 0 0 0 0 0 0 0 0 0 0 0 0 0 0 0 0 0 0 0 0 0 0 0 0 0 0 0 0 0 0 0 0 0 0 0 0 0 0 0 0 0 0 0 0 0 0 0 0 0 0 0 0 0 0 0 77 68 79 32 101 120 116 114 97 32 100 97 116 97 32 108 111 99 107 0 0 0 0 0 0 0 0 0 0 0 0 0 0 0 0 0 0 0 0 0 0 0 0 0 0 0 0 0 0 0 0 0 0 0 0 0 0 0 0 0 0 0 0 0 0 0 0 0 0 0 0 0 0 0 0 0 0 0 0 0 0 0 0 0 0 0 0 0 0 0 0 0 0 0 0 0 0 0 0 0 0 0 0 0 0 0 0 0 0 0 0 0 0 0 0 0 0 0 0 0 0 0 0 0 0 0 0 0 0 0 0 0 0 0 0 0 26 1 0 0 153 54 0 0 113 59 0 0 0 0 0 0 0 0 0 0 2 0 0 0 1 0 11 0 2 0 0 0 152 0 0 0 255 255 255 255 5 0 4 0 0 0 0 0 data 19 0x40005 0x1 0x2e7a740 0x6d2 0x0 0x0 0xf0007 0x6d3 0x30 0x0 0x160002 0x0 0x220007 0x6d3 0x38 0x76e 0x280003 0x76e 0xffffffffffffffe0 oops 1 2 java/lang/Class
ciMethodData sun/reflect/generics/reflectiveObjects/ParameterizedTypeImpl getRawType ()Ljava/lang/reflect/Type; 2 3207 orig 264 8 206 65 83 0 0 0 0 0 174 67 22 0 0 0 0 120 1 0 0 0 0 0 0 0 0 0 0 0 0 0 0 0 0 0 0 0 0 0 0 0 0 0 0 0 0 0 0 0 0 0 0 0 0 0 0 0 0 0 0 0 0 0 0 0 0 0 0 0 0 0 0 0 0 0 0 0 0 0 0 77 68 79 32 101 120 116 114 97 32 100 97 116 97 32 108 111 99 107 0 0 0 0 0 0 0 0 0 0 0 0 0 0 0 0 0 0 0 0 0 0 0 0 0 0 0 0 0 0 0 0 0 0 0 0 0 0 0 0 0 0 0 0 0 0 0 0 0 0 0 0 0 0 0 0 0 0 0 0 0 0 0 0 0 0 0 0 0 0 0 0 0 0 0 0 0 0 0 0 0 0 0 0 0 0 0 0 0 0 0 0 0 0 0 0 0 0 0 0 0 0 0 0 0 0 0 0 0 0 0 0 0 0 0 0 0 137 1 0 0 241 87 0 0 1 0 0 0 0 0 0 0 0 0 0 0 2 0 0 0 0 0 3 0 2 0 0 0 48 0 0 0 255 255 255 255 5 0 1 0 0 0 0 0 data 6 0x10005 0x0 0x1b929550 0xafe 0x0 0x0 oops 1 2 sun/reflect/generics/reflectiveObjects/ParameterizedTypeImpl
ciMethod sun/reflect/generics/reflectiveObjects/GenericArrayTypeImpl <init> (Ljava/lang/reflect/Type;)V 49 1 3 0 -1
ciMethod sun/reflect/generics/reflectiveObjects/GenericArrayTypeImpl make (Ljava/lang/reflect/Type;)Lsun/reflect/generics/reflectiveObjects/GenericArrayTypeImpl; 49 1 3 0 0
ciMethod sun/reflect/generics/reflectiveObjects/GenericArrayTypeImpl getGenericComponentType ()Ljava/lang/reflect/Type; 81 1 4 0 0
ciMethodData sun/reflect/generics/reflectiveObjects/TypeVariableImpl hashCode ()I 2 1450 orig 264 8 206 65 83 0 0 0 0 200 223 67 22 0 0 0 0 168 1 0 0 0 0 0 0 0 0 0 0 0 0 0 0 0 0 0 0 0 0 0 0 0 0 0 0 0 0 0 0 0 0 0 0 0 0 0 0 0 0 0 0 0 0 0 0 0 0 0 0 0 0 0 0 0 0 0 0 0 0 0 0 77 68 79 32 101 120 116 114 97 32 100 97 116 97 32 108 111 99 107 0 0 0 0 0 0 0 0 0 0 0 0 0 0 0 0 0 0 0 0 0 0 0 0 0 0 0 0 0 0 0 0 0 0 0 0 0 0 0 0 0 0 0 0 0 0 0 0 0 0 0 0 0 0 0 0 0 0 0 0 0 0 0 0 0 0 0 0 0 0 0 0 0 0 0 0 0 0 0 0 0 0 0 0 0 0 0 0 0 0 0 0 0 0 0 0 0 0 0 0 0 0 0 0 0 0 0 0 0 0 0 0 0 0 0 0 0 14 1 0 0 225 36 0 0 1 0 0 0 0 0 0 0 0 0 0 0 2 0 0 0 0 0 3 0 2 0 0 0 96 0 0 0 255 255 255 255 5 0 4 0 0 0 0 0 data 12 0x40005 0x0 0x2e7a740 0x488 0x2e7be00 0x14 0xb0005 0x6 0x2e7a6b0 0x496 0x0 0x0 oops 3 2 java/lang/Class 4 java/lang/reflect/Method 8 java/lang/String
ciMethodData sun/reflect/generics/reflectiveObjects/WildcardTypeImpl getLowerBounds ()[Ljava/lang/reflect/Type; 1 671 orig 264 8 206 65 83 0 0 0 0 16 52 95 27 0 0 0 0 208 2 0 0 32 0 0 0 0 0 0 0 0 0 0 0 0 0 0 0 0 0 0 0 0 0 0 0 0 0 0 0 0 0 0 0 0 0 0 0 0 0 0 0 0 0 0 0 0 0 0 0 0 0 0 0 0 0 0 0 0 0 0 0 77 68 79 32 101 120 116 114 97 32 100 97 116 97 32 108 111 99 107 0 0 0 0 0 0 0 0 0 0 0 0 0 0 0 0 0 0 0 0 0 0 0 0 0 0 0 0 0 0 0 0 0 0 0 0 0 0 0 0 0 0 0 0 0 0 0 0 0 0 0 0 0 0 0 0 0 0 0 0 0 0 0 0 0 0 0 0 0 0 0 0 0 0 0 0 0 0 0 0 0 0 0 0 0 0 0 0 0 0 0 0 0 0 0 0 0 0 0 0 0 0 0 0 0 0 0 0 0 0 0 0 0 0 0 0 0 1 1 0 0 241 12 0 0 177 1 0 0 0 0 0 0 0 0 0 0 2 0 0 0 1 0 13 0 2 0 0 0 136 1 0 0 255 255 255 255 7 0 4 0 0 0 0 0 data 49 0x40007 0x103 0x128 0x9b 0x80002 0x9b 0x170007 0x9b 0xf8 0x36 0x1b0005 0x0 0x1b929760 0x36 0x0 0x0 0x250005 0x0 0x1c158f00 0x2a 0x1c15ea60 0xc 0x2e0005 0x0 0x18e4f670 0x36 0x0 0x0 0x310004 0x0 0x2e7a740 0x26 0x1b929550 0x4 0x350003 0x36 0xffffffffffffff20 0x410005 0x0 0x1b92f0f0 0x19e 0x0 0x0 0x440004 0x0 0x1b92f0f0 0x19e 0x0 0x0 oops 8 12 sun/reflect/generics/reflectiveObjects/WildcardTypeImpl 18 sun/reflect/generics/tree/ClassTypeSignature 20 sun/reflect/generics/tree/TypeVariableSignature 24 sun/reflect/generics/visitor/Reifier 30 java/lang/Class 32 sun/reflect/generics/reflectiveObjects/ParameterizedTypeImpl 39 [Ljava/lang/reflect/Type; 45 [Ljava/lang/reflect/Type;
ciMethodData sun/reflect/generics/reflectiveObjects/WildcardTypeImpl getLowerBoundASTs ()[Lsun/reflect/generics/tree/FieldTypeSignature; 1 255 orig 264 8 206 65 83 0 0 0 0 80 50 95 27 0 0 0 0 112 1 0 0 0 0 0 0 0 0 0 0 0 0 0 0 0 0 0 0 0 0 0 0 0 0 0 0 0 0 0 0 0 0 0 0 0 0 0 0 0 0 0 0 0 0 0 0 0 0 0 0 0 0 0 0 0 0 0 0 0 0 0 0 77 68 79 32 101 120 116 114 97 32 100 97 116 97 32 108 111 99 107 0 0 0 0 0 0 0 0 0 0 0 0 0 0 0 0 0 0 0 0 0 0 0 0 0 0 0 0 0 0 0 0 0 0 0 0 0 0 0 0 0 0 0 0 0 0 0 0 0 0 0 0 0 0 0 0 0 0 0 0 0 0 0 0 0 0 0 0 0 0 0 0 0 0 0 0 0 0 0 0 0 0 0 0 0 0 0 0 0 0 0 0 0 0 0 0 0 0 0 0 0 0 0 0 0 0 0 0 0 0 0 0 0 0 0 0 0 96 0 0 0 249 4 0 0 1 0 0 0 0 0 0 0 0 0 0 0 2 0 0 0 0 0 0 0 0 0 0 0 80 0 0 0 255 255 255 255 7 0 3 0 0 0 0 0 data 10 0x30007 0x9f 0x50 0x0 0xa0007 0x0 0x30 0x0 0x110002 0x0 oops 0
ciMethodData sun/reflect/generics/reflectiveObjects/LazyReflectiveObjectGenerator getReifier ()Lsun/reflect/generics/visitor/Reifier; 1 356 orig 264 8 206 65 83 0 0 0 0 56 234 67 22 0 0 0 0 104 1 0 0 0 0 0 0 0 0 0 0 0 0 0 0 0 0 0 0 0 0 0 0 0 0 0 0 0 0 0 0 0 0 0 0 0 0 0 0 0 0 0 0 0 0 0 0 0 0 0 0 0 0 0 0 0 0 0 0 0 0 0 0 77 68 79 32 101 120 116 114 97 32 100 97 116 97 32 108 111 99 107 0 0 0 0 0 0 0 0 0 0 0 0 0 0 0 0 0 0 0 0 0 0 0 0 0 0 0 0 0 0 0 0 0 0 0 0 0 0 0 0 0 0 0 0 0 0 0 0 0 0 0 0 0 0 0 0 0 0 0 0 0 0 0 0 0 0 0 0 0 0 0 0 0 0 0 0 0 0 0 0 0 0 0 0 0 0 0 0 0 0 0 0 0 0 0 0 0 0 0 0 0 0 0 0 0 0 0 0 0 0 0 0 0 0 0 0 0 150 0 0 0 113 6 0 0 1 0 0 0 0 0 0 0 0 0 0 0 2 0 0 0 0 0 0 0 0 0 0 0 32 0 0 0 255 255 255 255 2 0 1 0 0 0 0 0 data 4 0x10002 0xce 0x40002 0xce oops 0
ciMethodData sun/reflect/generics/reflectiveObjects/WildcardTypeImpl getUpperBounds ()[Ljava/lang/reflect/Type; 1 567 orig 264 8 206 65 83 0 0 0 0 48 51 95 27 0 0 0 0 208 2 0 0 32 0 0 0 0 0 0 0 0 0 0 0 0 0 0 0 0 0 0 0 0 0 0 0 0 0 0 0 0 0 0 0 0 0 0 0 0 0 0 0 0 0 0 0 0 0 0 0 0 0 0 0 0 0 0 0 0 0 0 0 77 68 79 32 101 120 116 114 97 32 100 97 116 97 32 108 111 99 107 0 0 0 0 0 0 0 0 0 0 0 0 0 0 0 0 0 0 0 0 0 0 0 0 0 0 0 0 0 0 0 0 0 0 0 0 0 0 0 0 0 0 0 0 0 0 0 0 0 0 0 0 0 0 0 0 0 0 0 0 0 0 0 0 0 0 0 0 0 0 0 0 0 0 0 0 0 0 0 0 0 0 0 0 0 0 0 0 0 0 0 0 0 0 0 0 0 0 0 0 0 0 0 0 0 0 0 0 0 0 0 0 0 0 0 0 0 2 1 0 0 169 9 0 0 49 4 0 0 0 0 0 0 0 0 0 0 2 0 0 0 1 0 13 0 2 0 0 0 136 1 0 0 255 255 255 255 7 0 4 0 0 0 0 0 data 49 0x40007 0xaf 0x128 0x86 0x80002 0x86 0x170007 0x86 0xf8 0x86 0x1b0005 0x0 0x1b929760 0x86 0x0 0x0 0x250005 0x5 0x1c158e50 0x80 0x1c158f00 0x1 0x2e0005 0x0 0x18e4f670 0x86 0x0 0x0 0x310004 0x0 0x2e7a740 0x81 0x1b929600 0x5 0x350003 0x86 0xffffffffffffff20 0x410005 0x0 0x1b92f0f0 0x135 0x0 0x0 0x440004 0x0 0x1b92f0f0 0x135 0x0 0x0 oops 8 12 sun/reflect/generics/reflectiveObjects/WildcardTypeImpl 18 sun/reflect/generics/tree/SimpleClassTypeSignature 20 sun/reflect/generics/tree/ClassTypeSignature 24 sun/reflect/generics/visitor/Reifier 30 java/lang/Class 32 sun/reflect/generics/reflectiveObjects/TypeVariableImpl 39 [Ljava/lang/reflect/Type; 45 [Ljava/lang/reflect/Type;
ciMethodData sun/reflect/generics/reflectiveObjects/WildcardTypeImpl getUpperBoundASTs ()[Lsun/reflect/generics/tree/FieldTypeSignature; 1 253 orig 264 8 206 65 83 0 0 0 0 168 49 95 27 0 0 0 0 112 1 0 0 0 0 0 0 0 0 0 0 0 0 0 0 0 0 0 0 0 0 0 0 0 0 0 0 0 0 0 0 0 0 0 0 0 0 0 0 0 0 0 0 0 0 0 0 0 0 0 0 0 0 0 0 0 0 0 0 0 0 0 0 77 68 79 32 101 120 116 114 97 32 100 97 116 97 32 108 111 99 107 0 0 0 0 0 0 0 0 0 0 0 0 0 0 0 0 0 0 0 0 0 0 0 0 0 0 0 0 0 0 0 0 0 0 0 0 0 0 0 0 0 0 0 0 0 0 0 0 0 0 0 0 0 0 0 0 0 0 0 0 0 0 0 0 0 0 0 0 0 0 0 0 0 0 0 0 0 0 0 0 0 0 0 0 0 0 0 0 0 0 0 0 0 0 0 0 0 0 0 0 0 0 0 0 0 0 0 0 0 0 0 0 0 0 0 0 0 113 0 0 0 97 4 0 0 1 0 0 0 0 0 0 0 0 0 0 0 2 0 0 0 0 0 0 0 0 0 0 0 80 0 0 0 255 255 255 255 7 0 3 0 0 0 0 0 data 10 0x30007 0x8c 0x50 0x0 0xa0007 0x0 0x30 0x0 0x110002 0x0 oops 0
ciMethodData java/lang/reflect/Method hashCode ()I 1 522 orig 264 8 206 65 83 0 0 0 0 144 51 248 21 0 0 0 0 56 2 0 0 0 0 0 0 0 0 0 0 0 0 0 0 0 0 0 0 0 0 0 0 0 0 0 0 0 0 0 0 0 0 0 0 0 0 0 0 0 0 0 0 0 0 0 0 0 0 0 0 0 0 0 0 0 0 0 0 0 0 0 0 77 68 79 32 101 120 116 114 97 32 100 97 116 97 32 108 111 99 107 0 0 0 0 0 0 0 0 0 0 0 0 0 0 0 0 0 0 0 0 0 0 0 0 0 0 0 0 0 0 0 0 0 0 0 0 0 0 0 0 0 0 0 0 0 0 0 0 0 0 0 0 0 0 0 0 0 0 0 0 0 0 0 0 0 0 0 0 0 0 0 0 0 0 0 0 0 0 0 0 0 0 0 0 0 0 0 0 0 0 0 0 0 0 0 0 0 0 0 0 0 0 0 0 0 0 0 0 0 0 0 0 0 0 0 0 0 4 1 0 0 49 8 0 0 1 0 0 0 0 0 0 0 0 0 0 0 2 0 0 0 0 0 7 0 2 0 0 0 240 0 0 0 255 255 255 255 5 0 1 0 0 0 0 0 data 30 0x10005 0x0 0x2e7be00 0x106 0x0 0x0 0x40005 0x0 0x2e7a740 0x106 0x0 0x0 0x70005 0x0 0x2e7a6b0 0x106 0x0 0x0 0xb0005 0x0 0x2e7be00 0x106 0x0 0x0 0xe0005 0x0 0x2e7a6b0 0x106 0x0 0x0 oops 5 2 java/lang/reflect/Method 8 java/lang/Class 14 java/lang/String 20 java/lang/reflect/Method 26 java/lang/String
instanceKlass java/util/EnumMap$EntryIterator$Entry
instanceKlass java/util/EnumMap$EnumMapIterator
instanceKlass com/android/build/api/attributes/VariantAttr$Impl
instanceKlass com/android/build/api/attributes/VariantAttr
instanceKlass org/gradle/launcher/daemon/registry/PersistentDaemonRegistry$1
instanceKlass org/gradle/configuration/internal/DefaultUserCodeApplicationContext$2
instanceKlass org/gradle/launcher/daemon/server/CompatibleDaemonExpirationStrategy$1
instanceKlass com/android/build/gradle/internal/dependency/ConstraintHandler
instanceKlass org/gradle/launcher/daemon/server/health/DaemonMemoryStatus$2
instanceKlass org/gradle/launcher/daemon/server/health/DaemonMemoryStatus$1
instanceKlass org/gradle/launcher/daemon/server/health/DaemonMemoryStatus$3
instanceKlass com/android/build/api/attributes/BuildTypeAttr$Impl
instanceKlass com/android/build/api/attributes/BuildTypeAttr
instanceKlass org/gradle/launcher/daemon/server/health/gc/GarbageCollectionStats
instanceKlass java/util/concurrent/LinkedBlockingDeque$AbstractItr
instanceKlass com/android/build/gradle/internal/VariantManager$$Lambda$155
instanceKlass com/android/build/api/attributes/ProductFlavorAttr
instanceKlass com/android/build/gradle/internal/VariantManager$$Lambda$154
instanceKlass com/android/build/gradle/internal/dependency/AndroidTypeAttr$Impl
instanceKlass com/android/build/gradle/internal/dependency/VariantDependencies$Builder
instanceKlass com/android/build/gradle/internal/dependency/VariantDependencies
instanceKlass com/android/build/gradle/internal/variant/ApplicationVariantFactory$$Lambda$153
instanceKlass com/android/ide/common/build/SplitOutputMatcher$$Lambda$152
instanceKlass com/android/ide/common/build/SplitOutputMatcher
instanceKlass com/android/build/gradle/internal/scope/OutputScope$$Lambda$151
instanceKlass com/google/common/collect/Iterables
instanceKlass com/android/build/gradle/internal/scope/OutputScope$Builder$$Lambda$150
instanceKlass com/android/build/gradle/internal/scope/ApkData$$Lambda$149
instanceKlass java/util/function/IntSupplier
instanceKlass java/lang/invoke/LambdaForm$DMH
instanceKlass com/android/build/gradle/internal/scope/ApkData$$Lambda$148
instanceKlass com/android/build/gradle/internal/scope/ApkData$$Lambda$147
instanceKlass com/android/build/gradle/internal/scope/ApkData$$Lambda$146
instanceKlass com/android/build/gradle/internal/scope/ApkData$$Lambda$145
instanceKlass java/util/Comparator$$Lambda$144
instanceKlass java/lang/invoke/LambdaForm$DMH
instanceKlass java/util/Comparators$NullComparator
instanceKlass com/android/build/gradle/internal/scope/ApkData$$Lambda$143
instanceKlass com/android/build/gradle/internal/scope/ApkData$$Lambda$142
instanceKlass java/util/Comparator$$Lambda$141
instanceKlass java/lang/invoke/LambdaForm$DMH
instanceKlass java/util/Comparator$$Lambda$140
instanceKlass com/android/build/gradle/internal/scope/ApkData$$Lambda$139
instanceKlass java/lang/invoke/LambdaForm$DMH
instanceKlass java/util/Comparator$$Lambda$138
instanceKlass java/lang/invoke/LambdaForm$DMH
instanceKlass com/android/build/gradle/internal/scope/ApkData$$Lambda$137
instanceKlass com/android/build/gradle/internal/variant/ApplicationVariantFactory$1
instanceKlass com/android/build/gradle/internal/variant/BaseVariantData$1
instanceKlass com/android/build/gradle/internal/scope/OutputFactory$$Lambda$136
instanceKlass com/android/build/gradle/internal/scope/OutputScope
instanceKlass com/android/build/gradle/internal/scope/OutputScope$Builder
instanceKlass com/android/build/gradle/internal/scope/ApkData
instanceKlass com/android/build/gradle/internal/scope/OutputFactory
instanceKlass com/android/build/gradle/internal/core/OldPostProcessingOptions
instanceKlass com/android/build/gradle/internal/scope/VariantScopeImpl$$Lambda$135
instanceKlass com/android/build/gradle/internal/utils/GuavaKtxKt
instanceKlass com/android/build/gradle/internal/publishing/VariantPublishingSpecImpl
instanceKlass com/android/build/gradle/internal/publishing/PublishingSpecs$VariantSpec
instanceKlass com/android/build/gradle/internal/publishing/OutputSpecImpl
instanceKlass com/android/build/gradle/internal/publishing/PublishingSpecsKt
instanceKlass com/android/build/gradle/internal/publishing/OutputSpecBuilderImpl
instanceKlass com/android/build/gradle/internal/publishing/PublishingSpecs$OutputSpecBuilder
instanceKlass com/android/build/gradle/internal/publishing/PublishingSpecs$OutputSpec
instanceKlass com/android/build/gradle/internal/publishing/VariantSpecBuilderImpl
instanceKlass com/android/build/gradle/internal/publishing/PublishingSpecs$VariantSpecBuilder
instanceKlass com/android/build/gradle/internal/publishing/PublishingSpecs$Companion
instanceKlass com/android/build/gradle/internal/publishing/PublishingSpecs
instanceKlass com/android/build/gradle/internal/scope/MutableTaskContainer
instanceKlass com/android/build/api/variant/VariantInfo
instanceKlass com/android/build/gradle/internal/pipeline/FilterableStreamCollection
instanceKlass com/android/build/gradle/internal/core/PostProcessingOptions
instanceKlass com/android/build/gradle/internal/scope/VariantScopeImpl
instanceKlass com/android/build/gradle/internal/scope/TaskContainer
instanceKlass com/android/build/gradle/internal/scope/VariantScope
instanceKlass com/android/build/gradle/internal/scope/TransformVariantScope
instanceKlass com/android/build/gradle/internal/core/GradleVariantConfiguration$$Lambda$134
instanceKlass com/android/build/gradle/internal/core/GradleVariantConfiguration$$Lambda$133
instanceKlass com/android/build/gradle/internal/core/GradleVariantConfiguration$$Lambda$132
instanceKlass com/android/build/gradle/internal/core/GradleVariantConfiguration$$Lambda$131
instanceKlass java/lang/invoke/LambdaForm$BMH
instanceKlass com/android/build/gradle/internal/core/GradleVariantConfiguration$$Lambda$130
instanceKlass com/android/build/gradle/internal/core/GradleVariantConfiguration$$Lambda$129
instanceKlass com/android/build/gradle/internal/core/GradleVariantConfiguration$$Lambda$128
instanceKlass com/android/build/gradle/internal/core/GradleVariantConfiguration$$Lambda$127
instanceKlass com/android/build/gradle/internal/core/GradleVariantConfiguration$$Lambda$126
instanceKlass com/android/build/gradle/internal/core/GradleVariantConfiguration$$Lambda$125
instanceKlass java/lang/invoke/LambdaForm$DMH
instanceKlass com/android/build/gradle/internal/core/GradleVariantConfiguration$$Lambda$124
instanceKlass com/android/build/gradle/internal/core/GradleVariantConfiguration$$Lambda$123
instanceKlass com/android/build/gradle/internal/core/MergedJavaCompileOptions
instanceKlass com/android/build/gradle/internal/core/MergedExternalNativeCmakeOptions
instanceKlass com/android/build/gradle/internal/core/MergedExternalNativeNdkBuildOptions
instanceKlass com/android/build/gradle/internal/core/MergedExternalNativeBuildOptions
instanceKlass com/android/build/gradle/internal/core/MergedNdkConfig
instanceKlass com/android/builder/core/VariantAttributesProvider
instanceKlass com/android/builder/core/MergedFlavor$Companion
instanceKlass com/android/build/gradle/internal/VariantManager$$Lambda$122
instanceKlass com/android/build/gradle/internal/VariantManager$$Lambda$121
instanceKlass java/util/function/BooleanSupplier
instanceKlass com/sun/org/apache/xerces/internal/parsers/AbstractSAXParser$AttributesProxy
instanceKlass org/xml/sax/ext/Attributes2
instanceKlass org/xml/sax/AttributeList
instanceKlass com/sun/org/apache/xerces/internal/util/PropertyState
instanceKlass com/sun/org/apache/xerces/internal/util/FeatureState
instanceKlass com/sun/org/apache/xerces/internal/impl/msg/XMLMessageFormatter
instanceKlass com/sun/org/apache/xerces/internal/util/MessageFormatter
instanceKlass com/sun/org/apache/xerces/internal/impl/XMLVersionDetector
instanceKlass com/sun/org/apache/xerces/internal/impl/validation/ValidationManager
instanceKlass com/sun/org/apache/xerces/internal/impl/dv/dtd/NMTOKENDatatypeValidator
instanceKlass com/sun/org/apache/xerces/internal/impl/dv/dtd/NOTATIONDatatypeValidator
instanceKlass com/sun/org/apache/xerces/internal/impl/dv/dtd/ENTITYDatatypeValidator
instanceKlass com/sun/org/apache/xerces/internal/impl/dv/dtd/ListDatatypeValidator
instanceKlass com/sun/org/apache/xerces/internal/impl/dv/dtd/IDREFDatatypeValidator
instanceKlass com/sun/org/apache/xerces/internal/impl/dv/dtd/IDDatatypeValidator
instanceKlass com/sun/org/apache/xerces/internal/impl/dv/dtd/StringDatatypeValidator
instanceKlass com/sun/org/apache/xerces/internal/impl/dv/DatatypeValidator
instanceKlass com/sun/org/apache/xerces/internal/impl/dv/DTDDVFactory
instanceKlass com/sun/org/apache/xerces/internal/impl/dtd/DTDGrammarBucket
instanceKlass com/sun/org/apache/xerces/internal/impl/dtd/XMLAttributeDecl
instanceKlass com/sun/org/apache/xerces/internal/impl/dtd/XMLSimpleType
instanceKlass com/sun/org/apache/xerces/internal/impl/dtd/XMLElementDecl
instanceKlass com/sun/org/apache/xerces/internal/impl/validation/ValidationState
instanceKlass com/sun/org/apache/xerces/internal/impl/dv/ValidationContext
instanceKlass com/sun/org/apache/xerces/internal/impl/dtd/XMLDTDValidator
instanceKlass com/sun/org/apache/xerces/internal/impl/RevalidationHandler
instanceKlass com/sun/org/apache/xerces/internal/impl/dtd/XMLDTDValidatorFilter
instanceKlass com/sun/org/apache/xerces/internal/xni/parser/XMLDocumentFilter
instanceKlass com/sun/org/apache/xerces/internal/impl/dtd/XMLEntityDecl
instanceKlass com/sun/org/apache/xerces/internal/impl/dtd/XMLDTDProcessor
instanceKlass com/sun/org/apache/xerces/internal/xni/parser/XMLDTDContentModelFilter
instanceKlass com/sun/org/apache/xerces/internal/xni/parser/XMLDTDFilter
instanceKlass com/sun/org/apache/xerces/internal/xni/parser/XMLDTDScanner
instanceKlass com/sun/org/apache/xerces/internal/xni/parser/XMLDTDContentModelSource
instanceKlass com/sun/org/apache/xerces/internal/xni/parser/XMLDTDSource
instanceKlass com/sun/org/apache/xerces/internal/xni/grammars/XMLDTDDescription
instanceKlass com/sun/org/apache/xerces/internal/xni/grammars/XMLGrammarDescription
instanceKlass com/sun/org/apache/xerces/internal/impl/XMLDocumentScannerImpl$TrailingMiscDriver
instanceKlass com/sun/org/apache/xerces/internal/impl/XMLDocumentScannerImpl$PrologDriver
instanceKlass com/sun/org/apache/xerces/internal/impl/XMLDocumentScannerImpl$XMLDeclDriver
instanceKlass com/sun/org/apache/xerces/internal/util/NamespaceSupport
instanceKlass com/sun/org/apache/xerces/internal/xni/NamespaceContext
instanceKlass com/sun/org/apache/xerces/internal/util/XMLAttributesImpl$Attribute
instanceKlass com/sun/org/apache/xerces/internal/util/XMLAttributesImpl
instanceKlass com/sun/org/apache/xerces/internal/xni/XMLAttributes
instanceKlass com/sun/org/apache/xerces/internal/impl/XMLDocumentFragmentScannerImpl$FragmentContentDriver
instanceKlass com/sun/org/apache/xerces/internal/impl/XMLDocumentFragmentScannerImpl$Driver
instanceKlass com/sun/org/apache/xerces/internal/impl/XMLDocumentFragmentScannerImpl$ElementStack2
instanceKlass com/sun/org/apache/xerces/internal/xni/QName
instanceKlass com/sun/org/apache/xerces/internal/impl/XMLDocumentFragmentScannerImpl$ElementStack
instanceKlass com/sun/org/apache/xerces/internal/xni/XMLString
instanceKlass com/sun/org/apache/xerces/internal/impl/XMLScanner
instanceKlass com/sun/xml/internal/stream/XMLBufferListener
instanceKlass com/sun/org/apache/xerces/internal/impl/XMLEntityHandler
instanceKlass com/sun/org/apache/xerces/internal/xni/parser/XMLDocumentScanner
instanceKlass com/sun/org/apache/xerces/internal/xni/parser/XMLDocumentSource
instanceKlass com/sun/org/apache/xerces/internal/impl/XMLErrorReporter
instanceKlass com/sun/org/apache/xerces/internal/impl/XMLEntityScanner
instanceKlass com/sun/org/apache/xerces/internal/xni/XMLLocator
instanceKlass com/sun/xml/internal/stream/XMLEntityStorage
instanceKlass com/sun/org/apache/xerces/internal/impl/XMLEntityManager$CharacterBuffer
instanceKlass com/sun/org/apache/xerces/internal/impl/XMLEntityManager$CharacterBufferPool
instanceKlass com/sun/org/apache/xerces/internal/util/AugmentationsImpl$AugmentationsItemsContainer
instanceKlass com/sun/org/apache/xerces/internal/util/AugmentationsImpl
instanceKlass com/sun/org/apache/xerces/internal/xni/Augmentations
instanceKlass com/sun/org/apache/xerces/internal/util/XMLResourceIdentifierImpl
instanceKlass com/sun/org/apache/xerces/internal/xni/XMLResourceIdentifier
instanceKlass com/sun/org/apache/xerces/internal/impl/XMLEntityManager
instanceKlass com/sun/org/apache/xerces/internal/xni/parser/XMLEntityResolver
instanceKlass com/sun/org/apache/xerces/internal/xni/parser/XMLComponent
instanceKlass com/sun/org/apache/xerces/internal/util/SymbolTable$Entry
instanceKlass com/sun/org/apache/xerces/internal/util/SymbolTable
instanceKlass jdk/xml/internal/SecuritySupport$2
instanceKlass jdk/xml/internal/SecuritySupport$1
instanceKlass jdk/xml/internal/SecuritySupport
instanceKlass jdk/xml/internal/JdkXmlUtils
instanceKlass com/sun/org/apache/xerces/internal/util/ParserConfigurationSettings
instanceKlass com/sun/org/apache/xerces/internal/parsers/XML11Configurable
instanceKlass com/sun/org/apache/xerces/internal/xni/parser/XMLPullParserConfiguration
instanceKlass com/sun/org/apache/xerces/internal/xni/parser/XMLParserConfiguration
instanceKlass com/sun/org/apache/xerces/internal/xni/parser/XMLComponentManager
instanceKlass com/sun/org/apache/xerces/internal/parsers/XMLParser
instanceKlass com/sun/org/apache/xerces/internal/xni/XMLDTDContentModelHandler
instanceKlass com/sun/org/apache/xerces/internal/xni/XMLDTDHandler
instanceKlass com/sun/org/apache/xerces/internal/xni/XMLDocumentHandler
instanceKlass org/xml/sax/XMLReader
instanceKlass org/xml/sax/Parser
instanceKlass com/sun/org/apache/xerces/internal/utils/XMLSecurityPropertyManager
instanceKlass com/sun/org/apache/xerces/internal/utils/SecuritySupport$8
instanceKlass com/sun/org/apache/xerces/internal/utils/SecuritySupport$4
instanceKlass com/sun/org/apache/xerces/internal/utils/SecuritySupport
instanceKlass com/sun/org/apache/xerces/internal/utils/XMLSecurityManager
instanceKlass javax/xml/parsers/SAXParser
instanceKlass com/sun/org/apache/xerces/internal/xs/PSVIProvider
instanceKlass com/sun/org/apache/xerces/internal/jaxp/JAXPConstants
instanceKlass com/android/utils/XmlUtils
instanceKlass javax/xml/parsers/SecuritySupport$1
instanceKlass javax/xml/parsers/FactoryFinder$1
instanceKlass javax/xml/parsers/SecuritySupport$5
instanceKlass javax/xml/parsers/SecuritySupport$2
instanceKlass javax/xml/parsers/SecuritySupport
instanceKlass javax/xml/parsers/FactoryFinder
instanceKlass javax/xml/parsers/SAXParserFactory
instanceKlass org/xml/sax/helpers/DefaultHandler
instanceKlass org/xml/sax/ErrorHandler
instanceKlass org/xml/sax/ContentHandler
instanceKlass org/xml/sax/DTDHandler
instanceKlass org/xml/sax/EntityResolver
instanceKlass com/android/builder/core/DefaultManifestParser
instanceKlass com/android/build/gradle/internal/VariantManager$$Lambda$120
instanceKlass com/android/build/gradle/internal/core/GradleVariantConfiguration$VariantConfigurationBuilder
instanceKlass com/android/build/gradle/TestAndroidConfig
instanceKlass com/android/build/gradle/internal/core/GradleVariantConfiguration$Builder
instanceKlass com/android/build/gradle/internal/core/VariantConfiguration
instanceKlass com/android/build/gradle/internal/VariantManager$$Lambda$119
instanceKlass com/android/build/gradle/internal/VariantManager$$Lambda$118
instanceKlass com/android/build/gradle/internal/VariantManager$$Lambda$117
instanceKlass java/lang/invoke/LambdaForm$DMH
instanceKlass com/android/build/gradle/internal/VariantManager$$Lambda$116
instanceKlass com/android/build/gradle/internal/dependency/AndroidTypeAttrDisambRule
instanceKlass com/android/build/gradle/internal/dependency/AndroidTypeAttrCompatRule
instanceKlass org/apache/commons/lang/WordUtils
instanceKlass com/android/build/gradle/internal/dependency/AndroidTypeAttr
instanceKlass com/android/build/gradle/internal/VariantManager$$Lambda$115
instanceKlass com/android/build/gradle/internal/VariantManager$$Lambda$114
instanceKlass com/android/build/gradle/internal/VariantManager$$Lambda$113
instanceKlass com/android/build/gradle/internal/VariantManager$$Lambda$112
instanceKlass java/lang/invoke/LambdaForm$MH
instanceKlass java/lang/invoke/LambdaForm$DMH
instanceKlass java/lang/invoke/LambdaForm$DMH
instanceKlass com/android/build/gradle/internal/VariantManager$$Lambda$111
instanceKlass java/lang/invoke/LambdaForm$DMH
instanceKlass com/android/build/gradle/internal/VariantManager$$Lambda$110
instanceKlass java/lang/invoke/LambdaForm$MH
instanceKlass java/lang/invoke/LambdaForm$DMH
instanceKlass java/lang/invoke/LambdaForm$DMH
instanceKlass com/android/build/gradle/internal/VariantManager$$Lambda$109
instanceKlass java/lang/invoke/LambdaForm$DMH
instanceKlass java/lang/invoke/LambdaForm$MH
instanceKlass com/android/build/gradle/internal/VariantManager$$Lambda$108
instanceKlass org/gradle/internal/snapshot/impl/EnumValueSnapshot
instanceKlass com/android/build/gradle/internal/VariantManager$$Lambda$107
instanceKlass java/lang/invoke/LambdaForm$MH
instanceKlass java/lang/invoke/LambdaForm$DMH
instanceKlass java/lang/invoke/LambdaForm$DMH
instanceKlass com/android/build/gradle/internal/VariantManager$$Lambda$106
instanceKlass java/lang/invoke/LambdaForm$DMH
instanceKlass com/android/build/gradle/internal/VariantManager$$Lambda$105
instanceKlass com/android/build/gradle/internal/dependency/PlatformAttrTransform
instanceKlass com/android/build/gradle/internal/VariantManager$$Lambda$104
instanceKlass com/android/build/gradle/internal/VariantManager$$Lambda$103
instanceKlass com/android/build/gradle/internal/VariantManager$$Lambda$102
instanceKlass com/android/build/gradle/internal/publishing/AndroidArtifacts
instanceKlass com/android/build/gradle/internal/VariantManager$$Lambda$101
instanceKlass org/gradle/api/internal/artifacts/transform/TransformationStep$1
instanceKlass org/gradle/work/InputChanges
instanceKlass org/gradle/internal/instantiation/DependencyInjectingInstantiator$1
instanceKlass org/gradle/api/internal/tasks/properties/FileParameterUtils
instanceKlass org/gradle/api/internal/tasks/properties/ValidationAction
instanceKlass org/gradle/api/internal/tasks/properties/PropertyVisitor$Adapter
instanceKlass org/gradle/api/internal/tasks/properties/DefaultParameterValidationContext
instanceKlass org/gradle/api/reflect/InjectionPointQualifier
instanceKlass org/gradle/api/artifacts/transform/TransformOutputs
instanceKlass com/android/build/gradle/internal/dependency/GenericTransformParameters$Inject
instanceKlass org/gradle/internal/instantiation/ManagedTypeFactory
instanceKlass org/gradle/internal/instantiation/AsmBackedClassGenerator$ClassBuilderImpl$$Lambda$100
instanceKlass org/gradle/api/artifacts/transform/TransformParameters$None
instanceKlass com/android/build/gradle/internal/dependency/GenericTransformParameters
instanceKlass org/gradle/api/artifacts/transform/TransformParameters
instanceKlass com/android/build/gradle/internal/VariantManager$$Lambda$99
instanceKlass com/android/build/gradle/internal/dependency/ExtractAarTransform
instanceKlass com/android/build/gradle/internal/VariantManager$$Lambda$98
instanceKlass com/android/build/gradle/internal/VariantManager$$Lambda$97
instanceKlass org/gradle/api/internal/artifacts/transform/TransformationStep
instanceKlass org/gradle/api/internal/artifacts/transform/DefaultTransformationRegistrationFactory$DefaultArtifactTransformRegistration
instanceKlass org/gradle/api/internal/artifacts/transform/AbstractTransformer
instanceKlass com/android/build/gradle/internal/VariantManager$$Lambda$96
instanceKlass org/gradle/api/artifacts/transform/ArtifactTransform
instanceKlass com/android/build/gradle/internal/VariantManager$$Lambda$95
instanceKlass com/android/build/gradle/internal/dependency/AndroidXDepedencySubstitution$replaceOldSupportLibraries$2$1
instanceKlass com/android/build/gradle/internal/dependency/AndroidXDepedencySubstitution$replaceOldSupportLibraries$2
instanceKlass org/gradle/api/internal/artifacts/dsl/ActionBasedMetadataRuleWrapper
instanceKlass org/gradle/internal/rules/NoInputsRuleAction
instanceKlass com/android/build/gradle/internal/dependency/AndroidXDepedencySubstitution$replaceOldSupportLibraries$1
instanceKlass java/util/stream/MatchOps$$Lambda$94
instanceKlass java/util/stream/MatchOps$BooleanTerminalSink
instanceKlass java/util/stream/MatchOps$MatchOp
instanceKlass java/util/stream/MatchOps
instanceKlass com/android/build/gradle/internal/variant/ApplicationVariantFactory$$Lambda$93
instanceKlass java/lang/invoke/LambdaForm$DMH
instanceKlass java/util/Collections$2
instanceKlass com/google/wireless/android/sdk/stats/GradleBuildSplits$2
instanceKlass com/google/wireless/android/sdk/stats/GradleBuildSplits$1
instanceKlass org/gradle/api/internal/tasks/DefaultTaskDependency$TaskDependencySet
instanceKlass com/android/build/gradle/internal/scope/ArtifactTypeUtil
instanceKlass com/android/build/gradle/internal/SdkLocation
instanceKlass com/android/build/gradle/internal/SdkLocator
instanceKlass org/gradle/api/plugins/JavaPlugin
instanceKlass com/android/sdklib/AndroidVersion
instanceKlass com/android/sdklib/AndroidTargetHash
instanceKlass com/android/build/gradle/tasks/factory/AbstractCompilesUtil
instanceKlass com/android/build/gradle/BasePlugin$$Lambda$92
instanceKlass org/gradle/configuration/internal/DefaultListenerBuildOperationDecorator$BuildOperationEmittingAction$1$1
instanceKlass org/gradle/configuration/internal/ExecuteListenerBuildOperationType$DetailsImpl
instanceKlass org/gradle/configuration/internal/DefaultListenerBuildOperationDecorator$Operation
instanceKlass org/codehaus/groovy/runtime/metaclass/ClosureMetaClass$2
instanceKlass org/gradle/api/internal/plugins/DefaultPluginContainer$1
instanceKlass org/gradle/api/internal/plugins/PluginManagerInternal$PluginWithId
instanceKlass org/codehaus/groovy/runtime/typehandling/ShortTypeHandling
instanceKlass org/codehaus/groovy/runtime/callsite/CallSiteArray$1
instanceKlass org/gradle/configuration/internal/DefaultListenerBuildOperationDecorator$1
instanceKlass org/gradle/listener/ClosureBackedMethodInvocationDispatch
instanceKlass org/gradle/api/plugins/ExtensionsSchema
instanceKlass com/google/gms/googleservices/GoogleServicesPlugin$GoogleServicesPluginConfig
instanceKlass com/google/gms/googleservices/GoogleServicesPlugin
instanceKlass org/gradle/api/artifacts/FileCollectionDependency
instanceKlass org/gradle/api/internal/artifacts/dependencies/SelfResolvingDependencyInternal
instanceKlass org/gradle/api/internal/file/collections/ResolvableFileCollectionResolveContext
instanceKlass org/gradle/api/file/FileVisitDetails
instanceKlass org/gradle/api/file/FileTreeElement
instanceKlass com/android/builder/core/DefaultApiVersion
instanceKlass com/android/build/gradle/internal/tasks/VariantAwareTask
instanceKlass com/android/build/gradle/internal/crash/CrashReporting$afterEvaluate$1
instanceKlass com/android/build/gradle/BasePlugin$$Lambda$91
instanceKlass com/android/build/gradle/internal/TaskManager$$Lambda$90
instanceKlass com/android/build/gradle/internal/TaskManager$$Lambda$89
instanceKlass com/android/build/gradle/internal/TaskManager$$Lambda$88
instanceKlass com/android/build/gradle/internal/TaskManager$$Lambda$87
instanceKlass com/android/build/gradle/internal/TaskManager$$Lambda$86
instanceKlass com/android/build/gradle/internal/TaskManager$$Lambda$85
instanceKlass com/android/build/gradle/internal/tasks/factory/TaskAction
instanceKlass com/android/build/gradle/internal/tasks/factory/TaskFactoryUtils
instanceKlass com/android/build/gradle/internal/TaskManager$$Lambda$84
instanceKlass com/android/build/gradle/internal/TaskManager$$Lambda$83
instanceKlass com/android/build/gradle/internal/TaskManager$$Lambda$82
instanceKlass com/android/build/gradle/internal/TaskManager$$Lambda$81
instanceKlass com/android/build/gradle/BasePlugin$$Lambda$80
instanceKlass com/android/build/gradle/BasePlugin$$Lambda$79
instanceKlass com/google/wireless/android/sdk/stats/GradleBuildVariant$VariantType$1
instanceKlass java/util/stream/Collectors$$Lambda$78
instanceKlass java/util/stream/Collectors$$Lambda$77
instanceKlass java/util/stream/Collectors$$Lambda$76
instanceKlass com/android/build/gradle/ProguardFiles$$Lambda$75
instanceKlass com/android/build/gradle/ProguardFiles
instanceKlass com/android/build/gradle/internal/dsl/BuildType$1
instanceKlass com/android/build/gradle/internal/dsl/PostProcessingBlock
instanceKlass com/android/build/gradle/internal/ProguardFilesProvider
instanceKlass java/security/KeyStore$1
instanceKlass java/security/KeyStore
instanceKlass com/android/build/gradle/BasePlugin$UnsupportedAction
instanceKlass com/android/build/gradle/BasePlugin$$Lambda$74
instanceKlass com/android/build/gradle/BasePlugin$$Lambda$73
instanceKlass com/android/build/gradle/BasePlugin$$Lambda$72
instanceKlass java/lang/invoke/LambdaForm$DMH
instanceKlass com/android/builder/model/NativeVariantAbi
instanceKlass com/android/builder/model/NativeAndroidProject
instanceKlass com/android/build/gradle/internal/ide/NativeModelBuilder
instanceKlass com/android/builder/model/Variant
instanceKlass com/android/builder/model/AndroidArtifact
instanceKlass com/android/builder/model/BaseArtifact
instanceKlass com/android/builder/model/InstantRun
instanceKlass com/android/builder/model/TestOptions
instanceKlass com/android/build/gradle/internal/ide/BuildOutputSupplier
instanceKlass com/android/builder/model/ProjectBuildOutput
instanceKlass com/android/builder/model/ModelBuilderParameter
instanceKlass com/android/build/gradle/internal/ide/ModelBuilder
instanceKlass org/gradle/tooling/provider/model/ParameterizedToolingModelBuilder
instanceKlass com/android/build/gradle/internal/VariantDimensionData
instanceKlass com/android/build/gradle/internal/api/ReadOnlyObjectProvider
instanceKlass com/android/build/gradle/internal/api/VariantFilter
instanceKlass com/android/build/gradle/api/VariantFilter
instanceKlass com/android/build/gradle/options/SigningOptions
instanceKlass com/android/tools/build/jetifier/processor/transform/proguard/ProGuardClassFilterParser$Companion
instanceKlass com/android/tools/build/jetifier/processor/transform/proguard/ProGuardClassFilterParser
instanceKlass com/android/tools/build/jetifier/processor/transform/proguard/patterns/PatternHelper
instanceKlass com/android/tools/build/jetifier/processor/transform/proguard/ProGuardClassSpecParser$Companion
instanceKlass com/android/tools/build/jetifier/processor/transform/proguard/ProGuardClassSpecParser
instanceKlass com/android/tools/build/jetifier/processor/transform/proguard/patterns/GroupsReplacer
instanceKlass com/android/tools/build/jetifier/processor/transform/proguard/patterns/ReplacersRunner
instanceKlass com/android/tools/build/jetifier/processor/transform/proguard/ProGuardTypesMapper$Companion
instanceKlass com/android/tools/build/jetifier/processor/transform/proguard/ProGuardTypesMapper
instanceKlass com/android/tools/build/jetifier/processor/transform/proguard/ProGuardTransformer
instanceKlass com/android/tools/build/jetifier/processor/transform/resource/XmlResourcesTransformer$Companion
instanceKlass com/android/tools/build/jetifier/processor/transform/resource/XmlResourcesTransformer
instanceKlass com/android/tools/build/jetifier/processor/transform/bytecode/ByteCodeTransformer
instanceKlass com/android/tools/build/jetifier/processor/transform/Transformer
instanceKlass com/android/tools/build/jetifier/core/TypeRewriter$Companion
instanceKlass com/android/tools/build/jetifier/core/TypeRewriter
instanceKlass com/android/tools/build/jetifier/processor/transform/TransformationContext
instanceKlass com/android/tools/build/jetifier/core/pom/DependencyVersions$Companion
instanceKlass com/android/tools/build/jetifier/core/pom/DependencyVersions
instanceKlass com/android/tools/build/jetifier/core/config/Config$Companion
instanceKlass com/android/tools/build/jetifier/core/proguard/ProGuardTypesMap$Companion
instanceKlass com/android/tools/build/jetifier/core/proguard/ProGuardType$Companion
instanceKlass com/android/tools/build/jetifier/core/proguard/ProGuardType
instanceKlass com/google/gson/internal/LinkedTreeMap$LinkedTreeMapIterator
instanceKlass com/android/tools/build/jetifier/core/type/TypesMap$Companion
instanceKlass com/android/tools/build/jetifier/core/type/JavaType$Companion
instanceKlass com/android/tools/build/jetifier/core/type/JavaType
instanceKlass kotlin/collections/EmptyMap
instanceKlass com/android/tools/build/jetifier/core/pom/DependencyVersionsMap$Companion
instanceKlass com/android/tools/build/jetifier/core/pom/DependencyVersionsMap
instanceKlass com/android/tools/build/jetifier/core/pom/PomRewriteRule$Companion
instanceKlass com/android/tools/build/jetifier/core/PackageMap$Companion
instanceKlass com/android/tools/build/jetifier/core/PackageMap
instanceKlass kotlin/collections/EmptyIterator
instanceKlass kotlin/collections/EmptyList
instanceKlass com/android/tools/build/jetifier/core/rule/RewriteRulesMap$Companion
instanceKlass com/android/tools/build/jetifier/core/rule/RewriteRulesMap
instanceKlass kotlin/internal/ProgressionUtilKt
instanceKlass kotlin/ranges/IntRange$Companion
instanceKlass kotlin/ranges/IntProgression$Companion
instanceKlass kotlin/ranges/IntProgression
instanceKlass kotlin/ranges/ClosedRange
instanceKlass kotlin/ranges/RangesKt__RangesJVMKt
instanceKlass kotlin/text/DelimitedRangesSequence$iterator$1
instanceKlass kotlin/sequences/TransformingSequence$iterator$1
instanceKlass kotlin/sequences/TransformingSequence
instanceKlass kotlin/sequences/SequencesKt__SequenceBuilderKt
instanceKlass kotlin/text/DelimitedRangesSequence
instanceKlass kotlin/sequences/Sequence
instanceKlass com/android/tools/build/jetifier/core/rule/RewriteRule$Companion
instanceKlass com/google/gson/internal/LinkedTreeMap$Node
instanceKlass com/google/gson/internal/LinkedTreeMap$1
instanceKlass com/android/tools/build/jetifier/core/proguard/ProGuardTypesMap
instanceKlass com/google/gson/internal/ConstructorConstructor$11
instanceKlass com/android/tools/build/jetifier/core/type/TypesMap
instanceKlass com/google/gson/internal/ConstructorConstructor$13
instanceKlass java/util/concurrent/ConcurrentNavigableMap
instanceKlass com/android/tools/build/jetifier/core/pom/PomDependency
instanceKlass com/android/tools/build/jetifier/core/pom/PomRewriteRule
instanceKlass com/android/tools/build/jetifier/core/pom/PomRewriteRule$JsonData
instanceKlass com/android/tools/build/jetifier/core/PackageMap$PackageRule
instanceKlass com/android/tools/build/jetifier/core/PackageMap$PackageRule$JsonData
instanceKlass com/android/tools/build/jetifier/core/rule/RewriteRule
instanceKlass com/android/tools/build/jetifier/core/rule/RewriteRule$JsonData
instanceKlass com/google/gson/internal/ConstructorConstructor$8
instanceKlass com/google/gson/internal/$Gson$Types$ParameterizedTypeImpl
instanceKlass com/google/gson/internal/UnsafeAllocator
instanceKlass com/google/gson/internal/ConstructorConstructor$14
instanceKlass com/android/tools/build/jetifier/core/proguard/ProGuardTypesMap$JsonData
instanceKlass com/android/tools/build/jetifier/core/type/TypesMap$JsonData
instanceKlass com/android/tools/build/jetifier/core/config/Config
instanceKlass com/android/tools/build/jetifier/core/config/Config$JsonData
instanceKlass kotlin/io/TextStreamsKt
instanceKlass kotlin/text/Charsets
instanceKlass com/android/tools/build/jetifier/core/utils/StdOutLogConsumer
instanceKlass com/android/tools/build/jetifier/core/utils/LogConsumer
instanceKlass com/android/tools/build/jetifier/core/utils/Log
instanceKlass com/android/tools/build/jetifier/core/config/ConfigParser
instanceKlass com/android/tools/build/jetifier/processor/Processor$Companion
instanceKlass com/android/tools/build/jetifier/processor/Processor
instanceKlass com/android/tools/build/jetifier/processor/archive/ArchiveItemVisitor
instanceKlass com/android/build/gradle/internal/dependency/AndroidXDepedencySubstitution
instanceKlass com/android/builder/core/ManifestAttributeSupplier
instanceKlass com/android/builder/core/VariantType
instanceKlass com/android/build/gradle/internal/tasks/factory/TaskFactoryImpl
instanceKlass com/android/build/gradle/internal/test/AbstractTestDataImpl
instanceKlass com/android/builder/testing/TestData
instanceKlass com/android/build/api/transform/QualifiedContent$ContentType
instanceKlass com/android/build/gradle/internal/pipeline/TransformStream
instanceKlass com/android/build/api/transform/QualifiedContent$ScopeType
instanceKlass com/android/build/gradle/internal/tasks/factory/TaskCreationAction
instanceKlass com/android/build/gradle/internal/tasks/factory/TaskProviderCallback
instanceKlass com/android/build/gradle/internal/tasks/factory/TaskConfigAction
instanceKlass com/android/build/gradle/internal/tasks/factory/PreConfigAction
instanceKlass com/android/build/gradle/internal/tasks/factory/TaskInformation
instanceKlass com/android/build/gradle/internal/tasks/factory/TaskFactory
instanceKlass com/android/build/gradle/internal/variant/TestedVariantData
instanceKlass com/android/build/gradle/internal/variant/BaseVariantData
instanceKlass com/android/build/gradle/internal/dsl/BundleOptionsDensity
instanceKlass com/android/build/gradle/internal/dsl/BundleOptionsAbi
instanceKlass com/android/build/gradle/internal/dsl/BundleOptionsLanguage
instanceKlass com/android/utils/StringHelper
instanceKlass com/google/common/collect/Collections2
instanceKlass com/android/builder/core/ToolsRevisionUtils
instanceKlass com/android/build/gradle/internal/dependency/SourceSetManagerKt
instanceKlass com/android/build/gradle/internal/variant2/RenamedConfigurationAction
instanceKlass com/android/build/gradle/internal/scope/BuildArtifactsHolder$ArtifactRecord
instanceKlass com/android/build/gradle/internal/scope/BuildArtifactsHolder$createOutput$1$output$1
instanceKlass com/android/build/gradle/internal/api/artifact/BuildableArtifactImpl
instanceKlass com/android/build/api/artifact/BuildableArtifact
instanceKlass com/android/build/gradle/internal/scope/BuildArtifactsHolder$WhenMappings
